2022-12-06 09:51:27.726  INFO 83817 --- [main] sqltask.Main                             : Starting Main using Java 17.0.2 on MacBook-Pro-xntn.local with PID 83817 (/Users/xanthine/IdeaProjects/SqlSchool/target/classes started by xanthine in /Users/xanthine/IdeaProjects/SqlSchool)
2022-12-06 09:51:27.734  INFO 83817 --- [main] sqltask.Main                             : No active profile set, falling back to 1 default profile: "default"
2022-12-06 09:51:28.245  INFO 83817 --- [main] .s.d.r.c.RepositoryConfigurationDelegate : Bootstrapping Spring Data JPA repositories in DEFAULT mode.
2022-12-06 09:51:28.264  INFO 83817 --- [main] .s.d.r.c.RepositoryConfigurationDelegate : Finished Spring Data repository scanning in 8 ms. Found 0 JPA repository interfaces.
2022-12-06 09:51:28.619  INFO 83817 --- [main] com.zaxxer.hikari.HikariDataSource       : HikariPool-1 - Starting...
2022-12-06 09:51:29.242  INFO 83817 --- [main] com.zaxxer.hikari.HikariDataSource       : HikariPool-1 - Start completed.
2022-12-06 09:51:30.035  INFO 83817 --- [main] o.hibernate.jpa.internal.util.LogHelper  : HHH000204: Processing PersistenceUnitInfo [name: default]
2022-12-06 09:51:30.127  INFO 83817 --- [main] org.hibernate.Version                    : HHH000412: Hibernate ORM core version 5.6.12.Final
2022-12-06 09:51:30.381  INFO 83817 --- [main] o.hibernate.annotations.common.Version   : HCANN000001: Hibernate Commons Annotations {5.1.2.Final}
2022-12-06 09:51:30.515  INFO 83817 --- [main] org.hibernate.dialect.Dialect            : HHH000400: Using dialect: org.hibernate.dialect.PostgreSQL10Dialect
2022-12-06 09:51:30.731  INFO 83817 --- [main] o.h.e.t.j.p.i.JtaPlatformInitiator       : HHH000490: Using JtaPlatform implementation: [org.hibernate.engine.transaction.jta.platform.internal.NoJtaPlatform]
2022-12-06 09:51:30.755  INFO 83817 --- [main] j.LocalContainerEntityManagerFactoryBean : Initialized JPA EntityManagerFactory for persistence unit 'default'
2022-12-06 09:51:30.979  INFO 83817 --- [main] sqltask.Main                             : Started Main in 3.715 seconds (JVM running for 4.763)
2022-12-06 09:55:48.873  INFO 83817 --- [SpringApplicationShutdownHook] j.LocalContainerEntityManagerFactoryBean : Closing JPA EntityManagerFactory for persistence unit 'default'
2022-12-06 09:55:48.965  INFO 83817 --- [SpringApplicationShutdownHook] com.zaxxer.hikari.HikariDataSource       : HikariPool-1 - Shutdown initiated...
2022-12-06 09:55:48.986  INFO 83817 --- [SpringApplicationShutdownHook] com.zaxxer.hikari.HikariDataSource       : HikariPool-1 - Shutdown completed.
2022-12-06 09:55:54.926  INFO 84150 --- [main] sqltask.Main                             : Starting Main using Java 17.0.2 on MacBook-Pro-xntn.local with PID 84150 (/Users/xanthine/IdeaProjects/SqlSchool/target/classes started by xanthine in /Users/xanthine/IdeaProjects/SqlSchool)
2022-12-06 09:55:54.929  INFO 84150 --- [main] sqltask.Main                             : No active profile set, falling back to 1 default profile: "default"
2022-12-06 09:55:55.350  INFO 84150 --- [main] .s.d.r.c.RepositoryConfigurationDelegate : Bootstrapping Spring Data JPA repositories in DEFAULT mode.
2022-12-06 09:55:55.372  INFO 84150 --- [main] .s.d.r.c.RepositoryConfigurationDelegate : Finished Spring Data repository scanning in 10 ms. Found 0 JPA repository interfaces.
2022-12-06 09:55:55.667  INFO 84150 --- [main] com.zaxxer.hikari.HikariDataSource       : HikariPool-1 - Starting...
2022-12-06 09:55:55.794  INFO 84150 --- [main] com.zaxxer.hikari.HikariDataSource       : HikariPool-1 - Start completed.
2022-12-06 09:55:55.942  INFO 84150 --- [main] o.hibernate.jpa.internal.util.LogHelper  : HHH000204: Processing PersistenceUnitInfo [name: default]
2022-12-06 09:55:55.982  INFO 84150 --- [main] org.hibernate.Version                    : HHH000412: Hibernate ORM core version 5.6.12.Final
2022-12-06 09:55:56.098  INFO 84150 --- [main] o.hibernate.annotations.common.Version   : HCANN000001: Hibernate Commons Annotations {5.1.2.Final}
2022-12-06 09:55:56.190  INFO 84150 --- [main] org.hibernate.dialect.Dialect            : HHH000400: Using dialect: org.hibernate.dialect.PostgreSQL10Dialect
2022-12-06 09:55:56.352  INFO 84150 --- [main] o.h.e.t.j.p.i.JtaPlatformInitiator       : HHH000490: Using JtaPlatform implementation: [org.hibernate.engine.transaction.jta.platform.internal.NoJtaPlatform]
2022-12-06 09:55:56.360  INFO 84150 --- [main] j.LocalContainerEntityManagerFactoryBean : Initialized JPA EntityManagerFactory for persistence unit 'default'
2022-12-06 09:55:56.535  INFO 84150 --- [main] sqltask.Main                             : Started Main in 1.866 seconds (JVM running for 2.494)
2022-12-06 09:56:05.820  INFO 84150 --- [SpringApplicationShutdownHook] j.LocalContainerEntityManagerFactoryBean : Closing JPA EntityManagerFactory for persistence unit 'default'
2022-12-06 09:56:05.826  INFO 84150 --- [SpringApplicationShutdownHook] com.zaxxer.hikari.HikariDataSource       : HikariPool-1 - Shutdown initiated...
2022-12-06 09:56:05.828  INFO 84150 --- [SpringApplicationShutdownHook] com.zaxxer.hikari.HikariDataSource       : HikariPool-1 - Shutdown completed.
2022-12-06 09:56:41.077  INFO 84218 --- [main] sqltask.Main                             : Starting Main using Java 17.0.2 on MacBook-Pro-xntn.local with PID 84218 (/Users/xanthine/IdeaProjects/SqlSchool/target/classes started by xanthine in /Users/xanthine/IdeaProjects/SqlSchool)
2022-12-06 09:56:41.079  INFO 84218 --- [main] sqltask.Main                             : No active profile set, falling back to 1 default profile: "default"
2022-12-06 09:56:41.524  INFO 84218 --- [main] .s.d.r.c.RepositoryConfigurationDelegate : Bootstrapping Spring Data JPA repositories in DEFAULT mode.
2022-12-06 09:56:41.542  INFO 84218 --- [main] .s.d.r.c.RepositoryConfigurationDelegate : Finished Spring Data repository scanning in 8 ms. Found 0 JPA repository interfaces.
2022-12-06 09:56:41.823  INFO 84218 --- [main] com.zaxxer.hikari.HikariDataSource       : HikariPool-1 - Starting...
2022-12-06 09:56:41.957  INFO 84218 --- [main] com.zaxxer.hikari.HikariDataSource       : HikariPool-1 - Start completed.
2022-12-06 09:56:42.161  INFO 84218 --- [main] o.hibernate.jpa.internal.util.LogHelper  : HHH000204: Processing PersistenceUnitInfo [name: default]
2022-12-06 09:56:42.231  INFO 84218 --- [main] org.hibernate.Version                    : HHH000412: Hibernate ORM core version 5.6.12.Final
2022-12-06 09:56:42.412  INFO 84218 --- [main] o.hibernate.annotations.common.Version   : HCANN000001: Hibernate Commons Annotations {5.1.2.Final}
2022-12-06 09:56:42.542  INFO 84218 --- [main] org.hibernate.dialect.Dialect            : HHH000400: Using dialect: org.hibernate.dialect.PostgreSQL10Dialect
2022-12-06 09:56:42.826  INFO 84218 --- [main] o.h.e.t.j.p.i.JtaPlatformInitiator       : HHH000490: Using JtaPlatform implementation: [org.hibernate.engine.transaction.jta.platform.internal.NoJtaPlatform]
2022-12-06 09:56:42.842  INFO 84218 --- [main] j.LocalContainerEntityManagerFactoryBean : Initialized JPA EntityManagerFactory for persistence unit 'default'
2022-12-06 09:56:43.011  INFO 84218 --- [main] sqltask.Main                             : Started Main in 2.275 seconds (JVM running for 2.926)
2022-12-06 09:56:50.505  INFO 84218 --- [SpringApplicationShutdownHook] j.LocalContainerEntityManagerFactoryBean : Closing JPA EntityManagerFactory for persistence unit 'default'
2022-12-06 09:56:50.509  INFO 84218 --- [SpringApplicationShutdownHook] com.zaxxer.hikari.HikariDataSource       : HikariPool-1 - Shutdown initiated...
2022-12-06 09:56:50.511  INFO 84218 --- [SpringApplicationShutdownHook] com.zaxxer.hikari.HikariDataSource       : HikariPool-1 - Shutdown completed.
2022-12-06 09:59:54.293  INFO 84459 --- [main] sqltask.Main                             : Starting Main using Java 17.0.2 on MacBook-Pro-xntn.local with PID 84459 (/Users/xanthine/IdeaProjects/SqlSchool/target/classes started by xanthine in /Users/xanthine/IdeaProjects/SqlSchool)
2022-12-06 09:59:54.296  INFO 84459 --- [main] sqltask.Main                             : No active profile set, falling back to 1 default profile: "default"
2022-12-06 09:59:54.839  INFO 84459 --- [main] .s.d.r.c.RepositoryConfigurationDelegate : Bootstrapping Spring Data JPA repositories in DEFAULT mode.
2022-12-06 09:59:54.856  INFO 84459 --- [main] .s.d.r.c.RepositoryConfigurationDelegate : Finished Spring Data repository scanning in 7 ms. Found 0 JPA repository interfaces.
2022-12-06 09:59:55.106  INFO 84459 --- [main] com.zaxxer.hikari.HikariDataSource       : HikariPool-1 - Starting...
2022-12-06 09:59:55.261  INFO 84459 --- [main] com.zaxxer.hikari.HikariDataSource       : HikariPool-1 - Start completed.
2022-12-06 09:59:55.439  INFO 84459 --- [main] o.hibernate.jpa.internal.util.LogHelper  : HHH000204: Processing PersistenceUnitInfo [name: default]
2022-12-06 09:59:55.488  INFO 84459 --- [main] org.hibernate.Version                    : HHH000412: Hibernate ORM core version 5.6.12.Final
2022-12-06 09:59:55.611  INFO 84459 --- [main] o.hibernate.annotations.common.Version   : HCANN000001: Hibernate Commons Annotations {5.1.2.Final}
2022-12-06 09:59:55.740  INFO 84459 --- [main] org.hibernate.dialect.Dialect            : HHH000400: Using dialect: org.hibernate.dialect.PostgreSQL10Dialect
2022-12-06 09:59:55.891  INFO 84459 --- [main] o.h.e.t.j.p.i.JtaPlatformInitiator       : HHH000490: Using JtaPlatform implementation: [org.hibernate.engine.transaction.jta.platform.internal.NoJtaPlatform]
2022-12-06 09:59:55.901  INFO 84459 --- [main] j.LocalContainerEntityManagerFactoryBean : Initialized JPA EntityManagerFactory for persistence unit 'default'
2022-12-06 09:59:56.094  INFO 84459 --- [main] sqltask.Main                             : Started Main in 2.081 seconds (JVM running for 2.673)
2022-12-06 10:00:16.733  INFO 84459 --- [SpringApplicationShutdownHook] j.LocalContainerEntityManagerFactoryBean : Closing JPA EntityManagerFactory for persistence unit 'default'
2022-12-06 10:00:16.853  INFO 84459 --- [SpringApplicationShutdownHook] com.zaxxer.hikari.HikariDataSource       : HikariPool-1 - Shutdown initiated...
2022-12-06 10:00:16.873  INFO 84459 --- [SpringApplicationShutdownHook] com.zaxxer.hikari.HikariDataSource       : HikariPool-1 - Shutdown completed.
2022-12-06 10:01:04.743  INFO 84556 --- [main] sqltask.Main                             : Starting Main using Java 17.0.2 on MacBook-Pro-xntn.local with PID 84556 (/Users/xanthine/IdeaProjects/SqlSchool/target/classes started by xanthine in /Users/xanthine/IdeaProjects/SqlSchool)
2022-12-06 10:01:04.748  INFO 84556 --- [main] sqltask.Main                             : No active profile set, falling back to 1 default profile: "default"
2022-12-06 10:01:05.130  INFO 84556 --- [main] .s.d.r.c.RepositoryConfigurationDelegate : Bootstrapping Spring Data JPA repositories in DEFAULT mode.
2022-12-06 10:01:05.146  INFO 84556 --- [main] .s.d.r.c.RepositoryConfigurationDelegate : Finished Spring Data repository scanning in 7 ms. Found 0 JPA repository interfaces.
2022-12-06 10:01:05.417  INFO 84556 --- [main] com.zaxxer.hikari.HikariDataSource       : HikariPool-1 - Starting...
2022-12-06 10:01:05.571  INFO 84556 --- [main] com.zaxxer.hikari.HikariDataSource       : HikariPool-1 - Start completed.
2022-12-06 10:01:05.739  INFO 84556 --- [main] o.hibernate.jpa.internal.util.LogHelper  : HHH000204: Processing PersistenceUnitInfo [name: default]
2022-12-06 10:01:05.784  INFO 84556 --- [main] org.hibernate.Version                    : HHH000412: Hibernate ORM core version 5.6.12.Final
2022-12-06 10:01:05.913  INFO 84556 --- [main] o.hibernate.annotations.common.Version   : HCANN000001: Hibernate Commons Annotations {5.1.2.Final}
2022-12-06 10:01:06.014  INFO 84556 --- [main] org.hibernate.dialect.Dialect            : HHH000400: Using dialect: org.hibernate.dialect.PostgreSQL10Dialect
2022-12-06 10:01:06.143  INFO 84556 --- [main] o.h.e.t.j.p.i.JtaPlatformInitiator       : HHH000490: Using JtaPlatform implementation: [org.hibernate.engine.transaction.jta.platform.internal.NoJtaPlatform]
2022-12-06 10:01:06.150  INFO 84556 --- [main] j.LocalContainerEntityManagerFactoryBean : Initialized JPA EntityManagerFactory for persistence unit 'default'
2022-12-06 10:01:06.325  INFO 84556 --- [main] sqltask.Main                             : Started Main in 1.876 seconds (JVM running for 2.342)
2022-12-06 10:01:19.970  INFO 84556 --- [SpringApplicationShutdownHook] j.LocalContainerEntityManagerFactoryBean : Closing JPA EntityManagerFactory for persistence unit 'default'
2022-12-06 10:01:19.975  INFO 84556 --- [SpringApplicationShutdownHook] com.zaxxer.hikari.HikariDataSource       : HikariPool-1 - Shutdown initiated...
2022-12-06 10:01:19.981  INFO 84556 --- [SpringApplicationShutdownHook] com.zaxxer.hikari.HikariDataSource       : HikariPool-1 - Shutdown completed.
2022-12-06 10:02:13.562  INFO 84653 --- [main] sqltask.Main                             : Starting Main using Java 17.0.2 on MacBook-Pro-xntn.local with PID 84653 (/Users/xanthine/IdeaProjects/SqlSchool/target/classes started by xanthine in /Users/xanthine/IdeaProjects/SqlSchool)
2022-12-06 10:02:13.566  INFO 84653 --- [main] sqltask.Main                             : No active profile set, falling back to 1 default profile: "default"
2022-12-06 10:02:13.951  INFO 84653 --- [main] .s.d.r.c.RepositoryConfigurationDelegate : Bootstrapping Spring Data JPA repositories in DEFAULT mode.
2022-12-06 10:02:13.970  INFO 84653 --- [main] .s.d.r.c.RepositoryConfigurationDelegate : Finished Spring Data repository scanning in 9 ms. Found 0 JPA repository interfaces.
2022-12-06 10:02:14.233  INFO 84653 --- [main] com.zaxxer.hikari.HikariDataSource       : HikariPool-1 - Starting...
2022-12-06 10:02:14.395  INFO 84653 --- [main] com.zaxxer.hikari.HikariDataSource       : HikariPool-1 - Start completed.
2022-12-06 10:02:14.615  INFO 84653 --- [main] o.hibernate.jpa.internal.util.LogHelper  : HHH000204: Processing PersistenceUnitInfo [name: default]
2022-12-06 10:02:14.669  INFO 84653 --- [main] org.hibernate.Version                    : HHH000412: Hibernate ORM core version 5.6.12.Final
2022-12-06 10:02:14.855  INFO 84653 --- [main] o.hibernate.annotations.common.Version   : HCANN000001: Hibernate Commons Annotations {5.1.2.Final}
2022-12-06 10:02:14.982  INFO 84653 --- [main] org.hibernate.dialect.Dialect            : HHH000400: Using dialect: org.hibernate.dialect.PostgreSQL10Dialect
2022-12-06 10:02:15.192  INFO 84653 --- [main] o.h.e.t.j.p.i.JtaPlatformInitiator       : HHH000490: Using JtaPlatform implementation: [org.hibernate.engine.transaction.jta.platform.internal.NoJtaPlatform]
2022-12-06 10:02:15.201  INFO 84653 --- [main] j.LocalContainerEntityManagerFactoryBean : Initialized JPA EntityManagerFactory for persistence unit 'default'
2022-12-06 10:02:15.352  INFO 84653 --- [main] sqltask.Main                             : Started Main in 2.057 seconds (JVM running for 2.773)
2022-12-06 10:03:40.976  INFO 84653 --- [SpringApplicationShutdownHook] j.LocalContainerEntityManagerFactoryBean : Closing JPA EntityManagerFactory for persistence unit 'default'
2022-12-06 10:03:40.987  INFO 84653 --- [SpringApplicationShutdownHook] com.zaxxer.hikari.HikariDataSource       : HikariPool-1 - Shutdown initiated...
2022-12-06 10:03:40.996  INFO 84653 --- [SpringApplicationShutdownHook] com.zaxxer.hikari.HikariDataSource       : HikariPool-1 - Shutdown completed.
2022-12-06 10:04:38.930  INFO 84841 --- [main] sqltask.Main                             : Starting Main using Java 17.0.2 on MacBook-Pro-xntn.local with PID 84841 (/Users/xanthine/IdeaProjects/SqlSchool/target/classes started by xanthine in /Users/xanthine/IdeaProjects/SqlSchool)
2022-12-06 10:04:38.932  INFO 84841 --- [main] sqltask.Main                             : No active profile set, falling back to 1 default profile: "default"
2022-12-06 10:04:39.400  INFO 84841 --- [main] .s.d.r.c.RepositoryConfigurationDelegate : Bootstrapping Spring Data JPA repositories in DEFAULT mode.
2022-12-06 10:04:39.414  INFO 84841 --- [main] .s.d.r.c.RepositoryConfigurationDelegate : Finished Spring Data repository scanning in 6 ms. Found 0 JPA repository interfaces.
2022-12-06 10:04:39.666  INFO 84841 --- [main] com.zaxxer.hikari.HikariDataSource       : HikariPool-1 - Starting...
2022-12-06 10:04:39.805  INFO 84841 --- [main] com.zaxxer.hikari.HikariDataSource       : HikariPool-1 - Start completed.
2022-12-06 10:04:40.079  INFO 84841 --- [main] o.hibernate.jpa.internal.util.LogHelper  : HHH000204: Processing PersistenceUnitInfo [name: default]
2022-12-06 10:04:40.126  INFO 84841 --- [main] org.hibernate.Version                    : HHH000412: Hibernate ORM core version 5.6.12.Final
2022-12-06 10:04:40.284  INFO 84841 --- [main] o.hibernate.annotations.common.Version   : HCANN000001: Hibernate Commons Annotations {5.1.2.Final}
2022-12-06 10:04:40.386  INFO 84841 --- [main] org.hibernate.dialect.Dialect            : HHH000400: Using dialect: org.hibernate.dialect.PostgreSQL10Dialect
2022-12-06 10:04:40.551  INFO 84841 --- [main] o.h.e.t.j.p.i.JtaPlatformInitiator       : HHH000490: Using JtaPlatform implementation: [org.hibernate.engine.transaction.jta.platform.internal.NoJtaPlatform]
2022-12-06 10:04:40.566  INFO 84841 --- [main] j.LocalContainerEntityManagerFactoryBean : Initialized JPA EntityManagerFactory for persistence unit 'default'
2022-12-06 10:04:40.717  INFO 84841 --- [main] sqltask.Main                             : Started Main in 2.059 seconds (JVM running for 2.717)
2022-12-06 10:04:59.956  INFO 84841 --- [SpringApplicationShutdownHook] j.LocalContainerEntityManagerFactoryBean : Closing JPA EntityManagerFactory for persistence unit 'default'
2022-12-06 10:04:59.965  INFO 84841 --- [SpringApplicationShutdownHook] com.zaxxer.hikari.HikariDataSource       : HikariPool-1 - Shutdown initiated...
2022-12-06 10:04:59.971  INFO 84841 --- [SpringApplicationShutdownHook] com.zaxxer.hikari.HikariDataSource       : HikariPool-1 - Shutdown completed.
2022-12-06 10:05:40.338  INFO 84926 --- [main] sqltask.Main                             : Starting Main using Java 17.0.2 on MacBook-Pro-xntn.local with PID 84926 (/Users/xanthine/IdeaProjects/SqlSchool/target/classes started by xanthine in /Users/xanthine/IdeaProjects/SqlSchool)
2022-12-06 10:05:40.342  INFO 84926 --- [main] sqltask.Main                             : No active profile set, falling back to 1 default profile: "default"
2022-12-06 10:05:40.948  INFO 84926 --- [main] .s.d.r.c.RepositoryConfigurationDelegate : Bootstrapping Spring Data JPA repositories in DEFAULT mode.
2022-12-06 10:05:40.965  INFO 84926 --- [main] .s.d.r.c.RepositoryConfigurationDelegate : Finished Spring Data repository scanning in 7 ms. Found 0 JPA repository interfaces.
2022-12-06 10:05:41.245  INFO 84926 --- [main] com.zaxxer.hikari.HikariDataSource       : HikariPool-1 - Starting...
2022-12-06 10:05:41.386  INFO 84926 --- [main] com.zaxxer.hikari.HikariDataSource       : HikariPool-1 - Start completed.
2022-12-06 10:05:41.640  INFO 84926 --- [main] o.hibernate.jpa.internal.util.LogHelper  : HHH000204: Processing PersistenceUnitInfo [name: default]
2022-12-06 10:05:41.685  INFO 84926 --- [main] org.hibernate.Version                    : HHH000412: Hibernate ORM core version 5.6.12.Final
2022-12-06 10:05:41.811  INFO 84926 --- [main] o.hibernate.annotations.common.Version   : HCANN000001: Hibernate Commons Annotations {5.1.2.Final}
2022-12-06 10:05:41.936  INFO 84926 --- [main] org.hibernate.dialect.Dialect            : HHH000400: Using dialect: org.hibernate.dialect.PostgreSQL10Dialect
2022-12-06 10:05:42.116  INFO 84926 --- [main] o.h.e.t.j.p.i.JtaPlatformInitiator       : HHH000490: Using JtaPlatform implementation: [org.hibernate.engine.transaction.jta.platform.internal.NoJtaPlatform]
2022-12-06 10:05:42.149  INFO 84926 --- [main] j.LocalContainerEntityManagerFactoryBean : Initialized JPA EntityManagerFactory for persistence unit 'default'
2022-12-06 10:05:42.351  INFO 84926 --- [main] sqltask.Main                             : Started Main in 2.356 seconds (JVM running for 3.229)
2022-12-06 10:06:42.022  INFO 84926 --- [SpringApplicationShutdownHook] j.LocalContainerEntityManagerFactoryBean : Closing JPA EntityManagerFactory for persistence unit 'default'
2022-12-06 10:06:42.026  INFO 84926 --- [SpringApplicationShutdownHook] com.zaxxer.hikari.HikariDataSource       : HikariPool-1 - Shutdown initiated...
2022-12-06 10:06:42.029  INFO 84926 --- [SpringApplicationShutdownHook] com.zaxxer.hikari.HikariDataSource       : HikariPool-1 - Shutdown completed.
2022-12-06 10:14:54.805  INFO 85622 --- [main] sqltask.Main                             : Starting Main using Java 17.0.2 on MacBook-Pro-xntn.local with PID 85622 (/Users/xanthine/IdeaProjects/SqlSchool/target/classes started by xanthine in /Users/xanthine/IdeaProjects/SqlSchool)
2022-12-06 10:14:54.807  INFO 85622 --- [main] sqltask.Main                             : No active profile set, falling back to 1 default profile: "default"
2022-12-06 10:14:55.224  INFO 85622 --- [main] .s.d.r.c.RepositoryConfigurationDelegate : Bootstrapping Spring Data JPA repositories in DEFAULT mode.
2022-12-06 10:14:55.241  INFO 85622 --- [main] .s.d.r.c.RepositoryConfigurationDelegate : Finished Spring Data repository scanning in 8 ms. Found 0 JPA repository interfaces.
2022-12-06 10:14:55.494  INFO 85622 --- [main] com.zaxxer.hikari.HikariDataSource       : HikariPool-1 - Starting...
2022-12-06 10:14:55.672  INFO 85622 --- [main] com.zaxxer.hikari.HikariDataSource       : HikariPool-1 - Start completed.
2022-12-06 10:14:55.859  INFO 85622 --- [main] o.hibernate.jpa.internal.util.LogHelper  : HHH000204: Processing PersistenceUnitInfo [name: default]
2022-12-06 10:14:55.904  INFO 85622 --- [main] org.hibernate.Version                    : HHH000412: Hibernate ORM core version 5.6.12.Final
2022-12-06 10:14:56.031  INFO 85622 --- [main] o.hibernate.annotations.common.Version   : HCANN000001: Hibernate Commons Annotations {5.1.2.Final}
2022-12-06 10:14:56.157  INFO 85622 --- [main] org.hibernate.dialect.Dialect            : HHH000400: Using dialect: org.hibernate.dialect.PostgreSQL10Dialect
2022-12-06 10:14:56.331  INFO 85622 --- [main] o.h.e.t.j.p.i.JtaPlatformInitiator       : HHH000490: Using JtaPlatform implementation: [org.hibernate.engine.transaction.jta.platform.internal.NoJtaPlatform]
2022-12-06 10:14:56.342  INFO 85622 --- [main] j.LocalContainerEntityManagerFactoryBean : Initialized JPA EntityManagerFactory for persistence unit 'default'
2022-12-06 10:14:56.531  INFO 85622 --- [main] sqltask.Main                             : Started Main in 1.975 seconds (JVM running for 2.718)
2022-12-06 10:15:26.866  INFO 85622 --- [SpringApplicationShutdownHook] j.LocalContainerEntityManagerFactoryBean : Closing JPA EntityManagerFactory for persistence unit 'default'
2022-12-06 10:15:26.870  INFO 85622 --- [SpringApplicationShutdownHook] com.zaxxer.hikari.HikariDataSource       : HikariPool-1 - Shutdown initiated...
2022-12-06 10:15:26.872  INFO 85622 --- [SpringApplicationShutdownHook] com.zaxxer.hikari.HikariDataSource       : HikariPool-1 - Shutdown completed.
2022-12-06 10:15:31.820  INFO 85678 --- [main] sqltask.Main                             : Starting Main using Java 17.0.2 on MacBook-Pro-xntn.local with PID 85678 (/Users/xanthine/IdeaProjects/SqlSchool/target/classes started by xanthine in /Users/xanthine/IdeaProjects/SqlSchool)
2022-12-06 10:15:31.822  INFO 85678 --- [main] sqltask.Main                             : No active profile set, falling back to 1 default profile: "default"
2022-12-06 10:15:32.180  INFO 85678 --- [main] .s.d.r.c.RepositoryConfigurationDelegate : Bootstrapping Spring Data JPA repositories in DEFAULT mode.
2022-12-06 10:15:32.202  INFO 85678 --- [main] .s.d.r.c.RepositoryConfigurationDelegate : Finished Spring Data repository scanning in 12 ms. Found 0 JPA repository interfaces.
2022-12-06 10:15:32.460  INFO 85678 --- [main] com.zaxxer.hikari.HikariDataSource       : HikariPool-1 - Starting...
2022-12-06 10:15:32.615  INFO 85678 --- [main] com.zaxxer.hikari.HikariDataSource       : HikariPool-1 - Start completed.
2022-12-06 10:15:32.785  INFO 85678 --- [main] o.hibernate.jpa.internal.util.LogHelper  : HHH000204: Processing PersistenceUnitInfo [name: default]
2022-12-06 10:15:32.827  INFO 85678 --- [main] org.hibernate.Version                    : HHH000412: Hibernate ORM core version 5.6.12.Final
2022-12-06 10:15:32.955  INFO 85678 --- [main] o.hibernate.annotations.common.Version   : HCANN000001: Hibernate Commons Annotations {5.1.2.Final}
2022-12-06 10:15:33.199  INFO 85678 --- [main] org.hibernate.dialect.Dialect            : HHH000400: Using dialect: org.hibernate.dialect.PostgreSQL10Dialect
2022-12-06 10:15:33.396  INFO 85678 --- [main] o.h.e.t.j.p.i.JtaPlatformInitiator       : HHH000490: Using JtaPlatform implementation: [org.hibernate.engine.transaction.jta.platform.internal.NoJtaPlatform]
2022-12-06 10:15:33.412  INFO 85678 --- [main] j.LocalContainerEntityManagerFactoryBean : Initialized JPA EntityManagerFactory for persistence unit 'default'
2022-12-06 10:15:33.602  INFO 85678 --- [main] sqltask.Main                             : Started Main in 2.053 seconds (JVM running for 2.499)
2022-12-06 10:17:38.474  INFO 85678 --- [SpringApplicationShutdownHook] j.LocalContainerEntityManagerFactoryBean : Closing JPA EntityManagerFactory for persistence unit 'default'
2022-12-06 10:17:38.591  INFO 85678 --- [SpringApplicationShutdownHook] com.zaxxer.hikari.HikariDataSource       : HikariPool-1 - Shutdown initiated...
2022-12-06 10:17:38.637  INFO 85678 --- [SpringApplicationShutdownHook] com.zaxxer.hikari.HikariDataSource       : HikariPool-1 - Shutdown completed.
2022-12-06 10:17:48.146  INFO 85884 --- [main] sqltask.Main                             : Starting Main using Java 17.0.2 on MacBook-Pro-xntn.local with PID 85884 (/Users/xanthine/IdeaProjects/SqlSchool/target/classes started by xanthine in /Users/xanthine/IdeaProjects/SqlSchool)
2022-12-06 10:17:48.148  INFO 85884 --- [main] sqltask.Main                             : No active profile set, falling back to 1 default profile: "default"
2022-12-06 10:17:48.589  INFO 85884 --- [main] .s.d.r.c.RepositoryConfigurationDelegate : Bootstrapping Spring Data JPA repositories in DEFAULT mode.
2022-12-06 10:17:48.614  INFO 85884 --- [main] .s.d.r.c.RepositoryConfigurationDelegate : Finished Spring Data repository scanning in 11 ms. Found 0 JPA repository interfaces.
2022-12-06 10:17:48.875  INFO 85884 --- [main] com.zaxxer.hikari.HikariDataSource       : HikariPool-1 - Starting...
2022-12-06 10:17:49.095  INFO 85884 --- [main] com.zaxxer.hikari.HikariDataSource       : HikariPool-1 - Start completed.
2022-12-06 10:17:49.407  INFO 85884 --- [main] o.hibernate.jpa.internal.util.LogHelper  : HHH000204: Processing PersistenceUnitInfo [name: default]
2022-12-06 10:17:49.448  INFO 85884 --- [main] org.hibernate.Version                    : HHH000412: Hibernate ORM core version 5.6.12.Final
2022-12-06 10:17:49.569  INFO 85884 --- [main] o.hibernate.annotations.common.Version   : HCANN000001: Hibernate Commons Annotations {5.1.2.Final}
2022-12-06 10:17:49.670  INFO 85884 --- [main] org.hibernate.dialect.Dialect            : HHH000400: Using dialect: org.hibernate.dialect.PostgreSQL10Dialect
2022-12-06 10:17:49.833  INFO 85884 --- [main] o.h.e.t.j.p.i.JtaPlatformInitiator       : HHH000490: Using JtaPlatform implementation: [org.hibernate.engine.transaction.jta.platform.internal.NoJtaPlatform]
2022-12-06 10:17:49.853  INFO 85884 --- [main] j.LocalContainerEntityManagerFactoryBean : Initialized JPA EntityManagerFactory for persistence unit 'default'
2022-12-06 10:17:50.034  INFO 85884 --- [main] sqltask.Main                             : Started Main in 2.283 seconds (JVM running for 2.963)
2022-12-06 10:19:32.917  INFO 85884 --- [SpringApplicationShutdownHook] j.LocalContainerEntityManagerFactoryBean : Closing JPA EntityManagerFactory for persistence unit 'default'
2022-12-06 10:19:32.944  INFO 85884 --- [SpringApplicationShutdownHook] com.zaxxer.hikari.HikariDataSource       : HikariPool-1 - Shutdown initiated...
2022-12-06 10:19:32.954  INFO 85884 --- [SpringApplicationShutdownHook] com.zaxxer.hikari.HikariDataSource       : HikariPool-1 - Shutdown completed.
2022-12-06 10:19:38.827  INFO 86028 --- [main] sqltask.Main                             : Starting Main using Java 17.0.2 on MacBook-Pro-xntn.local with PID 86028 (/Users/xanthine/IdeaProjects/SqlSchool/target/classes started by xanthine in /Users/xanthine/IdeaProjects/SqlSchool)
2022-12-06 10:19:38.829  INFO 86028 --- [main] sqltask.Main                             : No active profile set, falling back to 1 default profile: "default"
2022-12-06 10:19:39.268  INFO 86028 --- [main] .s.d.r.c.RepositoryConfigurationDelegate : Bootstrapping Spring Data JPA repositories in DEFAULT mode.
2022-12-06 10:19:39.283  INFO 86028 --- [main] .s.d.r.c.RepositoryConfigurationDelegate : Finished Spring Data repository scanning in 6 ms. Found 0 JPA repository interfaces.
2022-12-06 10:19:39.538  INFO 86028 --- [main] com.zaxxer.hikari.HikariDataSource       : HikariPool-1 - Starting...
2022-12-06 10:19:39.685  INFO 86028 --- [main] com.zaxxer.hikari.HikariDataSource       : HikariPool-1 - Start completed.
2022-12-06 10:19:39.871  INFO 86028 --- [main] o.hibernate.jpa.internal.util.LogHelper  : HHH000204: Processing PersistenceUnitInfo [name: default]
2022-12-06 10:19:39.909  INFO 86028 --- [main] org.hibernate.Version                    : HHH000412: Hibernate ORM core version 5.6.12.Final
2022-12-06 10:19:40.027  INFO 86028 --- [main] o.hibernate.annotations.common.Version   : HCANN000001: Hibernate Commons Annotations {5.1.2.Final}
2022-12-06 10:19:40.139  INFO 86028 --- [main] org.hibernate.dialect.Dialect            : HHH000400: Using dialect: org.hibernate.dialect.PostgreSQL10Dialect
2022-12-06 10:19:40.284  INFO 86028 --- [main] o.h.e.t.j.p.i.JtaPlatformInitiator       : HHH000490: Using JtaPlatform implementation: [org.hibernate.engine.transaction.jta.platform.internal.NoJtaPlatform]
2022-12-06 10:19:40.297  INFO 86028 --- [main] j.LocalContainerEntityManagerFactoryBean : Initialized JPA EntityManagerFactory for persistence unit 'default'
2022-12-06 10:19:40.486  INFO 86028 --- [main] sqltask.Main                             : Started Main in 1.892 seconds (JVM running for 2.692)
2022-12-06 10:19:57.539  INFO 86028 --- [SpringApplicationShutdownHook] j.LocalContainerEntityManagerFactoryBean : Closing JPA EntityManagerFactory for persistence unit 'default'
2022-12-06 10:19:57.544  INFO 86028 --- [SpringApplicationShutdownHook] com.zaxxer.hikari.HikariDataSource       : HikariPool-1 - Shutdown initiated...
2022-12-06 10:19:57.546  INFO 86028 --- [SpringApplicationShutdownHook] com.zaxxer.hikari.HikariDataSource       : HikariPool-1 - Shutdown completed.
2022-12-06 10:20:03.934  INFO 86074 --- [main] sqltask.Main                             : Starting Main using Java 17.0.2 on MacBook-Pro-xntn.local with PID 86074 (/Users/xanthine/IdeaProjects/SqlSchool/target/classes started by xanthine in /Users/xanthine/IdeaProjects/SqlSchool)
2022-12-06 10:20:03.937  INFO 86074 --- [main] sqltask.Main                             : No active profile set, falling back to 1 default profile: "default"
2022-12-06 10:20:04.313  INFO 86074 --- [main] .s.d.r.c.RepositoryConfigurationDelegate : Bootstrapping Spring Data JPA repositories in DEFAULT mode.
2022-12-06 10:20:04.329  INFO 86074 --- [main] .s.d.r.c.RepositoryConfigurationDelegate : Finished Spring Data repository scanning in 7 ms. Found 0 JPA repository interfaces.
2022-12-06 10:20:04.591  INFO 86074 --- [main] com.zaxxer.hikari.HikariDataSource       : HikariPool-1 - Starting...
2022-12-06 10:20:04.733  INFO 86074 --- [main] com.zaxxer.hikari.HikariDataSource       : HikariPool-1 - Start completed.
2022-12-06 10:20:04.919  INFO 86074 --- [main] o.hibernate.jpa.internal.util.LogHelper  : HHH000204: Processing PersistenceUnitInfo [name: default]
2022-12-06 10:20:04.962  INFO 86074 --- [main] org.hibernate.Version                    : HHH000412: Hibernate ORM core version 5.6.12.Final
2022-12-06 10:20:05.081  INFO 86074 --- [main] o.hibernate.annotations.common.Version   : HCANN000001: Hibernate Commons Annotations {5.1.2.Final}
2022-12-06 10:20:05.199  INFO 86074 --- [main] org.hibernate.dialect.Dialect            : HHH000400: Using dialect: org.hibernate.dialect.PostgreSQL10Dialect
2022-12-06 10:20:05.352  INFO 86074 --- [main] o.h.e.t.j.p.i.JtaPlatformInitiator       : HHH000490: Using JtaPlatform implementation: [org.hibernate.engine.transaction.jta.platform.internal.NoJtaPlatform]
2022-12-06 10:20:05.361  INFO 86074 --- [main] j.LocalContainerEntityManagerFactoryBean : Initialized JPA EntityManagerFactory for persistence unit 'default'
2022-12-06 10:20:05.542  INFO 86074 --- [main] sqltask.Main                             : Started Main in 1.862 seconds (JVM running for 2.484)
2022-12-06 10:20:38.827  INFO 86074 --- [main] ConditionEvaluationReportLoggingListener : 

Error starting ApplicationContext. To display the conditions report re-run your application with 'debug' enabled.
2022-12-06 10:20:38.873 ERROR 86074 --- [main] o.s.boot.SpringApplication               : Application run failed

java.lang.IllegalStateException: Failed to execute ApplicationRunner
	at org.springframework.boot.SpringApplication.callRunner(SpringApplication.java:765) ~[spring-boot-2.7.5.jar:2.7.5]
	at org.springframework.boot.SpringApplication.callRunners(SpringApplication.java:752) ~[spring-boot-2.7.5.jar:2.7.5]
	at org.springframework.boot.SpringApplication.run(SpringApplication.java:315) ~[spring-boot-2.7.5.jar:2.7.5]
	at org.springframework.boot.SpringApplication.run(SpringApplication.java:1306) ~[spring-boot-2.7.5.jar:2.7.5]
	at org.springframework.boot.SpringApplication.run(SpringApplication.java:1295) ~[spring-boot-2.7.5.jar:2.7.5]
	at sqltask.Main.main(Main.java:12) ~[classes/:na]
Caused by: java.util.NoSuchElementException: null
	at java.base/java.util.Scanner.throwFor(Scanner.java:937) ~[na:na]
	at java.base/java.util.Scanner.next(Scanner.java:1594) ~[na:na]
	at java.base/java.util.Scanner.nextInt(Scanner.java:2258) ~[na:na]
	at java.base/java.util.Scanner.nextInt(Scanner.java:2212) ~[na:na]
	at sqltask.applicationmenu.AppMenu.doAction(AppMenu.java:41) ~[classes/:na]
	at sqltask.AppRunner.run(AppRunner.java:24) ~[classes/:na]
	at org.springframework.boot.SpringApplication.callRunner(SpringApplication.java:762) ~[spring-boot-2.7.5.jar:2.7.5]
	... 5 common frames omitted

2022-12-06 10:20:38.898  INFO 86074 --- [main] j.LocalContainerEntityManagerFactoryBean : Closing JPA EntityManagerFactory for persistence unit 'default'
2022-12-06 10:20:38.911  INFO 86074 --- [main] com.zaxxer.hikari.HikariDataSource       : HikariPool-1 - Shutdown initiated...
2022-12-06 10:20:38.915  INFO 86074 --- [main] com.zaxxer.hikari.HikariDataSource       : HikariPool-1 - Shutdown completed.
2022-12-06 10:20:57.742  INFO 86152 --- [main] sqltask.Main                             : Starting Main using Java 17.0.2 on MacBook-Pro-xntn.local with PID 86152 (/Users/xanthine/IdeaProjects/SqlSchool/target/classes started by xanthine in /Users/xanthine/IdeaProjects/SqlSchool)
2022-12-06 10:20:57.745  INFO 86152 --- [main] sqltask.Main                             : No active profile set, falling back to 1 default profile: "default"
2022-12-06 10:20:58.120  INFO 86152 --- [main] .s.d.r.c.RepositoryConfigurationDelegate : Bootstrapping Spring Data JPA repositories in DEFAULT mode.
2022-12-06 10:20:58.138  INFO 86152 --- [main] .s.d.r.c.RepositoryConfigurationDelegate : Finished Spring Data repository scanning in 8 ms. Found 0 JPA repository interfaces.
2022-12-06 10:20:58.406  INFO 86152 --- [main] com.zaxxer.hikari.HikariDataSource       : HikariPool-1 - Starting...
2022-12-06 10:20:58.554  INFO 86152 --- [main] com.zaxxer.hikari.HikariDataSource       : HikariPool-1 - Start completed.
2022-12-06 10:20:58.713  INFO 86152 --- [main] o.hibernate.jpa.internal.util.LogHelper  : HHH000204: Processing PersistenceUnitInfo [name: default]
2022-12-06 10:20:58.757  INFO 86152 --- [main] org.hibernate.Version                    : HHH000412: Hibernate ORM core version 5.6.12.Final
2022-12-06 10:20:58.871  INFO 86152 --- [main] o.hibernate.annotations.common.Version   : HCANN000001: Hibernate Commons Annotations {5.1.2.Final}
2022-12-06 10:20:58.967  INFO 86152 --- [main] org.hibernate.dialect.Dialect            : HHH000400: Using dialect: org.hibernate.dialect.PostgreSQL10Dialect
2022-12-06 10:20:59.193  INFO 86152 --- [main] o.h.e.t.j.p.i.JtaPlatformInitiator       : HHH000490: Using JtaPlatform implementation: [org.hibernate.engine.transaction.jta.platform.internal.NoJtaPlatform]
2022-12-06 10:20:59.219  INFO 86152 --- [main] j.LocalContainerEntityManagerFactoryBean : Initialized JPA EntityManagerFactory for persistence unit 'default'
2022-12-06 10:20:59.477  INFO 86152 --- [main] sqltask.Main                             : Started Main in 2.011 seconds (JVM running for 2.582)
2022-12-06 10:21:02.647  INFO 86152 --- [main] ConditionEvaluationReportLoggingListener : 

Error starting ApplicationContext. To display the conditions report re-run your application with 'debug' enabled.
2022-12-06 10:21:02.680 ERROR 86152 --- [main] o.s.boot.SpringApplication               : Application run failed

java.lang.IllegalStateException: Failed to execute ApplicationRunner
	at org.springframework.boot.SpringApplication.callRunner(SpringApplication.java:765) ~[spring-boot-2.7.5.jar:2.7.5]
	at org.springframework.boot.SpringApplication.callRunners(SpringApplication.java:752) ~[spring-boot-2.7.5.jar:2.7.5]
	at org.springframework.boot.SpringApplication.run(SpringApplication.java:315) ~[spring-boot-2.7.5.jar:2.7.5]
	at org.springframework.boot.SpringApplication.run(SpringApplication.java:1306) ~[spring-boot-2.7.5.jar:2.7.5]
	at org.springframework.boot.SpringApplication.run(SpringApplication.java:1295) ~[spring-boot-2.7.5.jar:2.7.5]
	at sqltask.Main.main(Main.java:12) ~[classes/:na]
Caused by: java.util.NoSuchElementException: null
	at java.base/java.util.Scanner.throwFor(Scanner.java:937) ~[na:na]
	at java.base/java.util.Scanner.next(Scanner.java:1594) ~[na:na]
	at java.base/java.util.Scanner.nextInt(Scanner.java:2258) ~[na:na]
	at java.base/java.util.Scanner.nextInt(Scanner.java:2212) ~[na:na]
	at sqltask.applicationmenu.AppMenu.doAction(AppMenu.java:41) ~[classes/:na]
	at sqltask.AppRunner.run(AppRunner.java:24) ~[classes/:na]
	at org.springframework.boot.SpringApplication.callRunner(SpringApplication.java:762) ~[spring-boot-2.7.5.jar:2.7.5]
	... 5 common frames omitted

2022-12-06 10:21:02.685  INFO 86152 --- [main] j.LocalContainerEntityManagerFactoryBean : Closing JPA EntityManagerFactory for persistence unit 'default'
2022-12-06 10:21:02.688  INFO 86152 --- [main] com.zaxxer.hikari.HikariDataSource       : HikariPool-1 - Shutdown initiated...
2022-12-06 10:21:02.690  INFO 86152 --- [main] com.zaxxer.hikari.HikariDataSource       : HikariPool-1 - Shutdown completed.
2022-12-06 10:21:31.370  INFO 86209 --- [main] sqltask.Main                             : Starting Main using Java 17.0.2 on MacBook-Pro-xntn.local with PID 86209 (/Users/xanthine/IdeaProjects/SqlSchool/target/classes started by xanthine in /Users/xanthine/IdeaProjects/SqlSchool)
2022-12-06 10:21:31.372  INFO 86209 --- [main] sqltask.Main                             : No active profile set, falling back to 1 default profile: "default"
2022-12-06 10:21:31.732  INFO 86209 --- [main] .s.d.r.c.RepositoryConfigurationDelegate : Bootstrapping Spring Data JPA repositories in DEFAULT mode.
2022-12-06 10:21:31.746  INFO 86209 --- [main] .s.d.r.c.RepositoryConfigurationDelegate : Finished Spring Data repository scanning in 6 ms. Found 0 JPA repository interfaces.
2022-12-06 10:21:32.041  INFO 86209 --- [main] com.zaxxer.hikari.HikariDataSource       : HikariPool-1 - Starting...
2022-12-06 10:21:32.210  INFO 86209 --- [main] com.zaxxer.hikari.HikariDataSource       : HikariPool-1 - Start completed.
2022-12-06 10:21:32.383  INFO 86209 --- [main] o.hibernate.jpa.internal.util.LogHelper  : HHH000204: Processing PersistenceUnitInfo [name: default]
2022-12-06 10:21:32.424  INFO 86209 --- [main] org.hibernate.Version                    : HHH000412: Hibernate ORM core version 5.6.12.Final
2022-12-06 10:21:32.545  INFO 86209 --- [main] o.hibernate.annotations.common.Version   : HCANN000001: Hibernate Commons Annotations {5.1.2.Final}
2022-12-06 10:21:32.634  INFO 86209 --- [main] org.hibernate.dialect.Dialect            : HHH000400: Using dialect: org.hibernate.dialect.PostgreSQL10Dialect
2022-12-06 10:21:32.846  INFO 86209 --- [main] o.h.e.t.j.p.i.JtaPlatformInitiator       : HHH000490: Using JtaPlatform implementation: [org.hibernate.engine.transaction.jta.platform.internal.NoJtaPlatform]
2022-12-06 10:21:32.855  INFO 86209 --- [main] j.LocalContainerEntityManagerFactoryBean : Initialized JPA EntityManagerFactory for persistence unit 'default'
2022-12-06 10:21:33.020  INFO 86209 --- [main] sqltask.Main                             : Started Main in 1.899 seconds (JVM running for 2.359)
2022-12-06 10:21:36.842  INFO 86209 --- [main] ConditionEvaluationReportLoggingListener : 

Error starting ApplicationContext. To display the conditions report re-run your application with 'debug' enabled.
2022-12-06 10:21:36.868 ERROR 86209 --- [main] o.s.boot.SpringApplication               : Application run failed

java.lang.IllegalStateException: Failed to execute ApplicationRunner
	at org.springframework.boot.SpringApplication.callRunner(SpringApplication.java:765) ~[spring-boot-2.7.5.jar:2.7.5]
	at org.springframework.boot.SpringApplication.callRunners(SpringApplication.java:752) ~[spring-boot-2.7.5.jar:2.7.5]
	at org.springframework.boot.SpringApplication.run(SpringApplication.java:315) ~[spring-boot-2.7.5.jar:2.7.5]
	at org.springframework.boot.SpringApplication.run(SpringApplication.java:1306) ~[spring-boot-2.7.5.jar:2.7.5]
	at org.springframework.boot.SpringApplication.run(SpringApplication.java:1295) ~[spring-boot-2.7.5.jar:2.7.5]
	at sqltask.Main.main(Main.java:12) ~[classes/:na]
Caused by: java.util.NoSuchElementException: null
	at java.base/java.util.Scanner.throwFor(Scanner.java:937) ~[na:na]
	at java.base/java.util.Scanner.next(Scanner.java:1594) ~[na:na]
	at java.base/java.util.Scanner.nextInt(Scanner.java:2258) ~[na:na]
	at java.base/java.util.Scanner.nextInt(Scanner.java:2212) ~[na:na]
	at sqltask.applicationmenu.AppMenu.doAction(AppMenu.java:41) ~[classes/:na]
	at sqltask.AppRunner.run(AppRunner.java:24) ~[classes/:na]
	at org.springframework.boot.SpringApplication.callRunner(SpringApplication.java:762) ~[spring-boot-2.7.5.jar:2.7.5]
	... 5 common frames omitted

2022-12-06 10:21:36.872  INFO 86209 --- [main] j.LocalContainerEntityManagerFactoryBean : Closing JPA EntityManagerFactory for persistence unit 'default'
2022-12-06 10:21:36.876  INFO 86209 --- [main] com.zaxxer.hikari.HikariDataSource       : HikariPool-1 - Shutdown initiated...
2022-12-06 10:21:36.880  INFO 86209 --- [main] com.zaxxer.hikari.HikariDataSource       : HikariPool-1 - Shutdown completed.
2022-12-06 10:22:52.800  INFO 86323 --- [main] sqltask.Main                             : Starting Main using Java 17.0.2 on MacBook-Pro-xntn.local with PID 86323 (/Users/xanthine/IdeaProjects/SqlSchool/target/classes started by xanthine in /Users/xanthine/IdeaProjects/SqlSchool)
2022-12-06 10:22:52.804  INFO 86323 --- [main] sqltask.Main                             : No active profile set, falling back to 1 default profile: "default"
2022-12-06 10:22:53.521  INFO 86323 --- [main] .s.d.r.c.RepositoryConfigurationDelegate : Bootstrapping Spring Data JPA repositories in DEFAULT mode.
2022-12-06 10:22:53.546  INFO 86323 --- [main] .s.d.r.c.RepositoryConfigurationDelegate : Finished Spring Data repository scanning in 11 ms. Found 0 JPA repository interfaces.
2022-12-06 10:22:53.880  INFO 86323 --- [main] com.zaxxer.hikari.HikariDataSource       : HikariPool-1 - Starting...
2022-12-06 10:22:54.035  INFO 86323 --- [main] com.zaxxer.hikari.HikariDataSource       : HikariPool-1 - Start completed.
2022-12-06 10:22:54.201  INFO 86323 --- [main] o.hibernate.jpa.internal.util.LogHelper  : HHH000204: Processing PersistenceUnitInfo [name: default]
2022-12-06 10:22:54.242  INFO 86323 --- [main] org.hibernate.Version                    : HHH000412: Hibernate ORM core version 5.6.12.Final
2022-12-06 10:22:54.413  INFO 86323 --- [main] o.hibernate.annotations.common.Version   : HCANN000001: Hibernate Commons Annotations {5.1.2.Final}
2022-12-06 10:22:54.606  INFO 86323 --- [main] org.hibernate.dialect.Dialect            : HHH000400: Using dialect: org.hibernate.dialect.PostgreSQL10Dialect
2022-12-06 10:22:54.755  INFO 86323 --- [main] o.h.e.t.j.p.i.JtaPlatformInitiator       : HHH000490: Using JtaPlatform implementation: [org.hibernate.engine.transaction.jta.platform.internal.NoJtaPlatform]
2022-12-06 10:22:54.767  INFO 86323 --- [main] j.LocalContainerEntityManagerFactoryBean : Initialized JPA EntityManagerFactory for persistence unit 'default'
2022-12-06 10:22:54.931  INFO 86323 --- [main] sqltask.Main                             : Started Main in 2.747 seconds (JVM running for 3.457)
2022-12-06 10:23:52.303  INFO 86323 --- [SpringApplicationShutdownHook] j.LocalContainerEntityManagerFactoryBean : Closing JPA EntityManagerFactory for persistence unit 'default'
2022-12-06 10:23:52.315  INFO 86323 --- [SpringApplicationShutdownHook] com.zaxxer.hikari.HikariDataSource       : HikariPool-1 - Shutdown initiated...
2022-12-06 10:23:52.321  INFO 86323 --- [SpringApplicationShutdownHook] com.zaxxer.hikari.HikariDataSource       : HikariPool-1 - Shutdown completed.
2022-12-06 10:23:59.927  INFO 86419 --- [main] sqltask.Main                             : Starting Main using Java 17.0.2 on MacBook-Pro-xntn.local with PID 86419 (/Users/xanthine/IdeaProjects/SqlSchool/target/classes started by xanthine in /Users/xanthine/IdeaProjects/SqlSchool)
2022-12-06 10:23:59.929  INFO 86419 --- [main] sqltask.Main                             : No active profile set, falling back to 1 default profile: "default"
2022-12-06 10:24:00.339  INFO 86419 --- [main] .s.d.r.c.RepositoryConfigurationDelegate : Bootstrapping Spring Data JPA repositories in DEFAULT mode.
2022-12-06 10:24:00.359  INFO 86419 --- [main] .s.d.r.c.RepositoryConfigurationDelegate : Finished Spring Data repository scanning in 10 ms. Found 0 JPA repository interfaces.
2022-12-06 10:24:00.638  INFO 86419 --- [main] com.zaxxer.hikari.HikariDataSource       : HikariPool-1 - Starting...
2022-12-06 10:24:00.788  INFO 86419 --- [main] com.zaxxer.hikari.HikariDataSource       : HikariPool-1 - Start completed.
2022-12-06 10:24:00.980  INFO 86419 --- [main] o.hibernate.jpa.internal.util.LogHelper  : HHH000204: Processing PersistenceUnitInfo [name: default]
2022-12-06 10:24:01.036  INFO 86419 --- [main] org.hibernate.Version                    : HHH000412: Hibernate ORM core version 5.6.12.Final
2022-12-06 10:24:01.197  INFO 86419 --- [main] o.hibernate.annotations.common.Version   : HCANN000001: Hibernate Commons Annotations {5.1.2.Final}
2022-12-06 10:24:01.301  INFO 86419 --- [main] org.hibernate.dialect.Dialect            : HHH000400: Using dialect: org.hibernate.dialect.PostgreSQL10Dialect
2022-12-06 10:24:01.454  INFO 86419 --- [main] o.h.e.t.j.p.i.JtaPlatformInitiator       : HHH000490: Using JtaPlatform implementation: [org.hibernate.engine.transaction.jta.platform.internal.NoJtaPlatform]
2022-12-06 10:24:01.476  INFO 86419 --- [main] j.LocalContainerEntityManagerFactoryBean : Initialized JPA EntityManagerFactory for persistence unit 'default'
2022-12-06 10:24:01.650  INFO 86419 --- [main] sqltask.Main                             : Started Main in 1.976 seconds (JVM running for 2.439)
2022-12-06 10:24:07.530  INFO 86419 --- [main] ConditionEvaluationReportLoggingListener : 

Error starting ApplicationContext. To display the conditions report re-run your application with 'debug' enabled.
2022-12-06 10:24:07.557 ERROR 86419 --- [main] o.s.boot.SpringApplication               : Application run failed

java.lang.IllegalStateException: Failed to execute ApplicationRunner
	at org.springframework.boot.SpringApplication.callRunner(SpringApplication.java:765) ~[spring-boot-2.7.5.jar:2.7.5]
	at org.springframework.boot.SpringApplication.callRunners(SpringApplication.java:752) ~[spring-boot-2.7.5.jar:2.7.5]
	at org.springframework.boot.SpringApplication.run(SpringApplication.java:315) ~[spring-boot-2.7.5.jar:2.7.5]
	at org.springframework.boot.SpringApplication.run(SpringApplication.java:1306) ~[spring-boot-2.7.5.jar:2.7.5]
	at org.springframework.boot.SpringApplication.run(SpringApplication.java:1295) ~[spring-boot-2.7.5.jar:2.7.5]
	at sqltask.Main.main(Main.java:12) ~[classes/:na]
Caused by: java.util.NoSuchElementException: null
	at java.base/java.util.Scanner.throwFor(Scanner.java:937) ~[na:na]
	at java.base/java.util.Scanner.next(Scanner.java:1594) ~[na:na]
	at java.base/java.util.Scanner.nextInt(Scanner.java:2258) ~[na:na]
	at java.base/java.util.Scanner.nextInt(Scanner.java:2212) ~[na:na]
	at sqltask.applicationmenu.AppMenu.doAction(AppMenu.java:41) ~[classes/:na]
	at sqltask.AppRunner.run(AppRunner.java:24) ~[classes/:na]
	at org.springframework.boot.SpringApplication.callRunner(SpringApplication.java:762) ~[spring-boot-2.7.5.jar:2.7.5]
	... 5 common frames omitted

2022-12-06 10:24:07.560  INFO 86419 --- [main] j.LocalContainerEntityManagerFactoryBean : Closing JPA EntityManagerFactory for persistence unit 'default'
2022-12-06 10:24:07.563  INFO 86419 --- [main] com.zaxxer.hikari.HikariDataSource       : HikariPool-1 - Shutdown initiated...
2022-12-06 10:24:07.566  INFO 86419 --- [main] com.zaxxer.hikari.HikariDataSource       : HikariPool-1 - Shutdown completed.
2022-12-06 10:25:47.136  INFO 86562 --- [main] sqltask.Main                             : Starting Main using Java 17.0.2 on MacBook-Pro-xntn.local with PID 86562 (/Users/xanthine/IdeaProjects/SqlSchool/target/classes started by xanthine in /Users/xanthine/IdeaProjects/SqlSchool)
2022-12-06 10:25:47.140  INFO 86562 --- [main] sqltask.Main                             : No active profile set, falling back to 1 default profile: "default"
2022-12-06 10:25:47.543  INFO 86562 --- [main] .s.d.r.c.RepositoryConfigurationDelegate : Bootstrapping Spring Data JPA repositories in DEFAULT mode.
2022-12-06 10:25:47.559  INFO 86562 --- [main] .s.d.r.c.RepositoryConfigurationDelegate : Finished Spring Data repository scanning in 7 ms. Found 0 JPA repository interfaces.
2022-12-06 10:25:47.822  INFO 86562 --- [main] com.zaxxer.hikari.HikariDataSource       : HikariPool-1 - Starting...
2022-12-06 10:25:47.988  INFO 86562 --- [main] com.zaxxer.hikari.HikariDataSource       : HikariPool-1 - Start completed.
2022-12-06 10:25:48.150  INFO 86562 --- [main] o.hibernate.jpa.internal.util.LogHelper  : HHH000204: Processing PersistenceUnitInfo [name: default]
2022-12-06 10:25:48.192  INFO 86562 --- [main] org.hibernate.Version                    : HHH000412: Hibernate ORM core version 5.6.12.Final
2022-12-06 10:25:48.321  INFO 86562 --- [main] o.hibernate.annotations.common.Version   : HCANN000001: Hibernate Commons Annotations {5.1.2.Final}
2022-12-06 10:25:48.463  INFO 86562 --- [main] org.hibernate.dialect.Dialect            : HHH000400: Using dialect: org.hibernate.dialect.PostgreSQL10Dialect
2022-12-06 10:25:48.638  INFO 86562 --- [main] o.h.e.t.j.p.i.JtaPlatformInitiator       : HHH000490: Using JtaPlatform implementation: [org.hibernate.engine.transaction.jta.platform.internal.NoJtaPlatform]
2022-12-06 10:25:48.652  INFO 86562 --- [main] j.LocalContainerEntityManagerFactoryBean : Initialized JPA EntityManagerFactory for persistence unit 'default'
2022-12-06 10:25:48.871  INFO 86562 --- [main] sqltask.Main                             : Started Main in 1.998 seconds (JVM running for 2.639)
2022-12-06 10:26:49.252  INFO 86562 --- [SpringApplicationShutdownHook] j.LocalContainerEntityManagerFactoryBean : Closing JPA EntityManagerFactory for persistence unit 'default'
2022-12-06 10:26:49.258  INFO 86562 --- [SpringApplicationShutdownHook] com.zaxxer.hikari.HikariDataSource       : HikariPool-1 - Shutdown initiated...
2022-12-06 10:26:49.263  INFO 86562 --- [SpringApplicationShutdownHook] com.zaxxer.hikari.HikariDataSource       : HikariPool-1 - Shutdown completed.
2022-12-06 11:44:52.442  INFO 90914 --- [main] sqltask.Main                             : Starting Main using Java 17.0.2 on MacBook-Pro-xntn.local with PID 90914 (/Users/xanthine/IdeaProjects/SqlSchool/target/classes started by xanthine in /Users/xanthine/IdeaProjects/SqlSchool)
2022-12-06 11:44:52.448  INFO 90914 --- [main] sqltask.Main                             : No active profile set, falling back to 1 default profile: "default"
2022-12-06 11:44:53.636  INFO 90914 --- [main] .s.d.r.c.RepositoryConfigurationDelegate : Bootstrapping Spring Data JPA repositories in DEFAULT mode.
2022-12-06 11:44:53.679  INFO 90914 --- [main] .s.d.r.c.RepositoryConfigurationDelegate : Finished Spring Data repository scanning in 15 ms. Found 0 JPA repository interfaces.
2022-12-06 11:44:54.409  INFO 90914 --- [main] com.zaxxer.hikari.HikariDataSource       : HikariPool-1 - Starting...
2022-12-06 11:44:54.957  INFO 90914 --- [main] com.zaxxer.hikari.HikariDataSource       : HikariPool-1 - Start completed.
2022-12-06 11:44:55.429  INFO 90914 --- [main] o.hibernate.jpa.internal.util.LogHelper  : HHH000204: Processing PersistenceUnitInfo [name: default]
2022-12-06 11:44:55.492  INFO 90914 --- [main] org.hibernate.Version                    : HHH000412: Hibernate ORM core version 5.6.12.Final
2022-12-06 11:44:55.730  INFO 90914 --- [main] o.hibernate.annotations.common.Version   : HCANN000001: Hibernate Commons Annotations {5.1.2.Final}
2022-12-06 11:44:55.925  INFO 90914 --- [main] org.hibernate.dialect.Dialect            : HHH000400: Using dialect: org.hibernate.dialect.PostgreSQL10Dialect
2022-12-06 11:44:56.193  INFO 90914 --- [main] o.h.e.t.j.p.i.JtaPlatformInitiator       : HHH000490: Using JtaPlatform implementation: [org.hibernate.engine.transaction.jta.platform.internal.NoJtaPlatform]
2022-12-06 11:44:56.226  INFO 90914 --- [main] j.LocalContainerEntityManagerFactoryBean : Initialized JPA EntityManagerFactory for persistence unit 'default'
2022-12-06 11:44:56.540  INFO 90914 --- [main] sqltask.Main                             : Started Main in 4.621 seconds (JVM running for 5.667)
2022-12-06 11:45:08.687  INFO 90914 --- [SpringApplicationShutdownHook] j.LocalContainerEntityManagerFactoryBean : Closing JPA EntityManagerFactory for persistence unit 'default'
2022-12-06 11:45:08.695  INFO 90914 --- [SpringApplicationShutdownHook] com.zaxxer.hikari.HikariDataSource       : HikariPool-1 - Shutdown initiated...
2022-12-06 11:45:08.709  INFO 90914 --- [SpringApplicationShutdownHook] com.zaxxer.hikari.HikariDataSource       : HikariPool-1 - Shutdown completed.
2022-12-06 11:55:37.527  INFO 91748 --- [main] sqltask.Main                             : Starting Main using Java 17.0.2 on MacBook-Pro-xntn.local with PID 91748 (/Users/xanthine/IdeaProjects/SqlSchool/target/classes started by xanthine in /Users/xanthine/IdeaProjects/SqlSchool)
2022-12-06 11:55:37.530  INFO 91748 --- [main] sqltask.Main                             : No active profile set, falling back to 1 default profile: "default"
2022-12-06 11:55:37.994  INFO 91748 --- [main] .s.d.r.c.RepositoryConfigurationDelegate : Bootstrapping Spring Data JPA repositories in DEFAULT mode.
2022-12-06 11:55:38.029  INFO 91748 --- [main] .s.d.r.c.RepositoryConfigurationDelegate : Finished Spring Data repository scanning in 14 ms. Found 0 JPA repository interfaces.
2022-12-06 11:55:38.508  INFO 91748 --- [main] com.zaxxer.hikari.HikariDataSource       : HikariPool-1 - Starting...
2022-12-06 11:55:38.745  INFO 91748 --- [main] com.zaxxer.hikari.HikariDataSource       : HikariPool-1 - Start completed.
2022-12-06 11:55:39.015  INFO 91748 --- [main] o.hibernate.jpa.internal.util.LogHelper  : HHH000204: Processing PersistenceUnitInfo [name: default]
2022-12-06 11:55:39.081  INFO 91748 --- [main] org.hibernate.Version                    : HHH000412: Hibernate ORM core version 5.6.12.Final
2022-12-06 11:55:39.283  INFO 91748 --- [main] o.hibernate.annotations.common.Version   : HCANN000001: Hibernate Commons Annotations {5.1.2.Final}
2022-12-06 11:55:39.412  INFO 91748 --- [main] org.hibernate.dialect.Dialect            : HHH000400: Using dialect: org.hibernate.dialect.PostgreSQL10Dialect
2022-12-06 11:55:39.581  INFO 91748 --- [main] o.h.e.t.j.p.i.JtaPlatformInitiator       : HHH000490: Using JtaPlatform implementation: [org.hibernate.engine.transaction.jta.platform.internal.NoJtaPlatform]
2022-12-06 11:55:39.592  INFO 91748 --- [main] j.LocalContainerEntityManagerFactoryBean : Initialized JPA EntityManagerFactory for persistence unit 'default'
2022-12-06 11:55:39.776  INFO 91748 --- [main] sqltask.Main                             : Started Main in 2.544 seconds (JVM running for 3.087)
2022-12-06 11:55:41.886  INFO 91748 --- [SpringApplicationShutdownHook] j.LocalContainerEntityManagerFactoryBean : Closing JPA EntityManagerFactory for persistence unit 'default'
2022-12-06 11:55:41.889  INFO 91748 --- [SpringApplicationShutdownHook] com.zaxxer.hikari.HikariDataSource       : HikariPool-1 - Shutdown initiated...
2022-12-06 11:55:41.894  INFO 91748 --- [SpringApplicationShutdownHook] com.zaxxer.hikari.HikariDataSource       : HikariPool-1 - Shutdown completed.
2022-12-06 11:55:45.996  INFO 91775 --- [main] sqltask.Main                             : Starting Main using Java 17.0.2 on MacBook-Pro-xntn.local with PID 91775 (/Users/xanthine/IdeaProjects/SqlSchool/target/classes started by xanthine in /Users/xanthine/IdeaProjects/SqlSchool)
2022-12-06 11:55:45.998  INFO 91775 --- [main] sqltask.Main                             : No active profile set, falling back to 1 default profile: "default"
2022-12-06 11:55:46.371  INFO 91775 --- [main] .s.d.r.c.RepositoryConfigurationDelegate : Bootstrapping Spring Data JPA repositories in DEFAULT mode.
2022-12-06 11:55:46.386  INFO 91775 --- [main] .s.d.r.c.RepositoryConfigurationDelegate : Finished Spring Data repository scanning in 6 ms. Found 0 JPA repository interfaces.
2022-12-06 11:55:46.636  INFO 91775 --- [main] com.zaxxer.hikari.HikariDataSource       : HikariPool-1 - Starting...
2022-12-06 11:55:46.736  INFO 91775 --- [main] com.zaxxer.hikari.HikariDataSource       : HikariPool-1 - Start completed.
2022-12-06 11:55:46.902  INFO 91775 --- [main] o.hibernate.jpa.internal.util.LogHelper  : HHH000204: Processing PersistenceUnitInfo [name: default]
2022-12-06 11:55:46.939  INFO 91775 --- [main] org.hibernate.Version                    : HHH000412: Hibernate ORM core version 5.6.12.Final
2022-12-06 11:55:47.052  INFO 91775 --- [main] o.hibernate.annotations.common.Version   : HCANN000001: Hibernate Commons Annotations {5.1.2.Final}
2022-12-06 11:55:47.143  INFO 91775 --- [main] org.hibernate.dialect.Dialect            : HHH000400: Using dialect: org.hibernate.dialect.PostgreSQL10Dialect
2022-12-06 11:55:47.276  INFO 91775 --- [main] o.h.e.t.j.p.i.JtaPlatformInitiator       : HHH000490: Using JtaPlatform implementation: [org.hibernate.engine.transaction.jta.platform.internal.NoJtaPlatform]
2022-12-06 11:55:47.294  INFO 91775 --- [main] j.LocalContainerEntityManagerFactoryBean : Initialized JPA EntityManagerFactory for persistence unit 'default'
2022-12-06 11:55:47.466  INFO 91775 --- [main] sqltask.Main                             : Started Main in 1.718 seconds (JVM running for 2.166)
2022-12-06 11:55:49.446  INFO 91775 --- [SpringApplicationShutdownHook] j.LocalContainerEntityManagerFactoryBean : Closing JPA EntityManagerFactory for persistence unit 'default'
2022-12-06 11:55:49.453  INFO 91775 --- [SpringApplicationShutdownHook] com.zaxxer.hikari.HikariDataSource       : HikariPool-1 - Shutdown initiated...
2022-12-06 11:55:49.460  INFO 91775 --- [SpringApplicationShutdownHook] com.zaxxer.hikari.HikariDataSource       : HikariPool-1 - Shutdown completed.
2022-12-06 11:55:52.982  INFO 91794 --- [main] sqltask.Main                             : Starting Main using Java 17.0.2 on MacBook-Pro-xntn.local with PID 91794 (/Users/xanthine/IdeaProjects/SqlSchool/target/classes started by xanthine in /Users/xanthine/IdeaProjects/SqlSchool)
2022-12-06 11:55:52.984  INFO 91794 --- [main] sqltask.Main                             : No active profile set, falling back to 1 default profile: "default"
2022-12-06 11:55:53.383  INFO 91794 --- [main] .s.d.r.c.RepositoryConfigurationDelegate : Bootstrapping Spring Data JPA repositories in DEFAULT mode.
2022-12-06 11:55:53.396  INFO 91794 --- [main] .s.d.r.c.RepositoryConfigurationDelegate : Finished Spring Data repository scanning in 6 ms. Found 0 JPA repository interfaces.
2022-12-06 11:55:53.702  INFO 91794 --- [main] com.zaxxer.hikari.HikariDataSource       : HikariPool-1 - Starting...
2022-12-06 11:55:53.818  INFO 91794 --- [main] com.zaxxer.hikari.HikariDataSource       : HikariPool-1 - Start completed.
2022-12-06 11:55:53.970  INFO 91794 --- [main] o.hibernate.jpa.internal.util.LogHelper  : HHH000204: Processing PersistenceUnitInfo [name: default]
2022-12-06 11:55:54.012  INFO 91794 --- [main] org.hibernate.Version                    : HHH000412: Hibernate ORM core version 5.6.12.Final
2022-12-06 11:55:54.133  INFO 91794 --- [main] o.hibernate.annotations.common.Version   : HCANN000001: Hibernate Commons Annotations {5.1.2.Final}
2022-12-06 11:55:54.228  INFO 91794 --- [main] org.hibernate.dialect.Dialect            : HHH000400: Using dialect: org.hibernate.dialect.PostgreSQL10Dialect
2022-12-06 11:55:54.370  INFO 91794 --- [main] o.h.e.t.j.p.i.JtaPlatformInitiator       : HHH000490: Using JtaPlatform implementation: [org.hibernate.engine.transaction.jta.platform.internal.NoJtaPlatform]
2022-12-06 11:55:54.378  INFO 91794 --- [main] j.LocalContainerEntityManagerFactoryBean : Initialized JPA EntityManagerFactory for persistence unit 'default'
2022-12-06 11:55:54.545  INFO 91794 --- [main] sqltask.Main                             : Started Main in 1.779 seconds (JVM running for 2.195)
2022-12-06 11:55:55.793  INFO 91794 --- [SpringApplicationShutdownHook] j.LocalContainerEntityManagerFactoryBean : Closing JPA EntityManagerFactory for persistence unit 'default'
2022-12-06 11:55:55.798  INFO 91794 --- [SpringApplicationShutdownHook] com.zaxxer.hikari.HikariDataSource       : HikariPool-1 - Shutdown initiated...
2022-12-06 11:55:55.802  INFO 91794 --- [SpringApplicationShutdownHook] com.zaxxer.hikari.HikariDataSource       : HikariPool-1 - Shutdown completed.
2022-12-06 11:55:59.289  INFO 91819 --- [main] sqltask.Main                             : Starting Main using Java 17.0.2 on MacBook-Pro-xntn.local with PID 91819 (/Users/xanthine/IdeaProjects/SqlSchool/target/classes started by xanthine in /Users/xanthine/IdeaProjects/SqlSchool)
2022-12-06 11:55:59.292  INFO 91819 --- [main] sqltask.Main                             : No active profile set, falling back to 1 default profile: "default"
2022-12-06 11:55:59.661  INFO 91819 --- [main] .s.d.r.c.RepositoryConfigurationDelegate : Bootstrapping Spring Data JPA repositories in DEFAULT mode.
2022-12-06 11:55:59.676  INFO 91819 --- [main] .s.d.r.c.RepositoryConfigurationDelegate : Finished Spring Data repository scanning in 7 ms. Found 0 JPA repository interfaces.
2022-12-06 11:55:59.898  INFO 91819 --- [main] com.zaxxer.hikari.HikariDataSource       : HikariPool-1 - Starting...
2022-12-06 11:55:59.986  INFO 91819 --- [main] com.zaxxer.hikari.HikariDataSource       : HikariPool-1 - Start completed.
2022-12-06 11:56:00.124  INFO 91819 --- [main] o.hibernate.jpa.internal.util.LogHelper  : HHH000204: Processing PersistenceUnitInfo [name: default]
2022-12-06 11:56:00.148  INFO 91819 --- [main] org.hibernate.Version                    : HHH000412: Hibernate ORM core version 5.6.12.Final
2022-12-06 11:56:00.223  INFO 91819 --- [main] o.hibernate.annotations.common.Version   : HCANN000001: Hibernate Commons Annotations {5.1.2.Final}
2022-12-06 11:56:00.278  INFO 91819 --- [main] org.hibernate.dialect.Dialect            : HHH000400: Using dialect: org.hibernate.dialect.PostgreSQL10Dialect
2022-12-06 11:56:00.356  INFO 91819 --- [main] o.h.e.t.j.p.i.JtaPlatformInitiator       : HHH000490: Using JtaPlatform implementation: [org.hibernate.engine.transaction.jta.platform.internal.NoJtaPlatform]
2022-12-06 11:56:00.363  INFO 91819 --- [main] j.LocalContainerEntityManagerFactoryBean : Initialized JPA EntityManagerFactory for persistence unit 'default'
2022-12-06 11:56:00.494  INFO 91819 --- [main] sqltask.Main                             : Started Main in 1.5 seconds (JVM running for 2.046)
2022-12-06 11:56:01.716  INFO 91819 --- [SpringApplicationShutdownHook] j.LocalContainerEntityManagerFactoryBean : Closing JPA EntityManagerFactory for persistence unit 'default'
2022-12-06 11:56:01.725  INFO 91819 --- [SpringApplicationShutdownHook] com.zaxxer.hikari.HikariDataSource       : HikariPool-1 - Shutdown initiated...
2022-12-06 11:56:01.731  INFO 91819 --- [SpringApplicationShutdownHook] com.zaxxer.hikari.HikariDataSource       : HikariPool-1 - Shutdown completed.
2022-12-06 11:56:05.082  INFO 91841 --- [main] sqltask.Main                             : Starting Main using Java 17.0.2 on MacBook-Pro-xntn.local with PID 91841 (/Users/xanthine/IdeaProjects/SqlSchool/target/classes started by xanthine in /Users/xanthine/IdeaProjects/SqlSchool)
2022-12-06 11:56:05.084  INFO 91841 --- [main] sqltask.Main                             : No active profile set, falling back to 1 default profile: "default"
2022-12-06 11:56:05.471  INFO 91841 --- [main] .s.d.r.c.RepositoryConfigurationDelegate : Bootstrapping Spring Data JPA repositories in DEFAULT mode.
2022-12-06 11:56:05.488  INFO 91841 --- [main] .s.d.r.c.RepositoryConfigurationDelegate : Finished Spring Data repository scanning in 8 ms. Found 0 JPA repository interfaces.
2022-12-06 11:56:05.683  INFO 91841 --- [main] com.zaxxer.hikari.HikariDataSource       : HikariPool-1 - Starting...
2022-12-06 11:56:05.775  INFO 91841 --- [main] com.zaxxer.hikari.HikariDataSource       : HikariPool-1 - Start completed.
2022-12-06 11:56:05.862  INFO 91841 --- [main] o.hibernate.jpa.internal.util.LogHelper  : HHH000204: Processing PersistenceUnitInfo [name: default]
2022-12-06 11:56:05.894  INFO 91841 --- [main] org.hibernate.Version                    : HHH000412: Hibernate ORM core version 5.6.12.Final
2022-12-06 11:56:05.971  INFO 91841 --- [main] o.hibernate.annotations.common.Version   : HCANN000001: Hibernate Commons Annotations {5.1.2.Final}
2022-12-06 11:56:06.030  INFO 91841 --- [main] org.hibernate.dialect.Dialect            : HHH000400: Using dialect: org.hibernate.dialect.PostgreSQL10Dialect
2022-12-06 11:56:06.100  INFO 91841 --- [main] o.h.e.t.j.p.i.JtaPlatformInitiator       : HHH000490: Using JtaPlatform implementation: [org.hibernate.engine.transaction.jta.platform.internal.NoJtaPlatform]
2022-12-06 11:56:06.125  INFO 91841 --- [main] j.LocalContainerEntityManagerFactoryBean : Initialized JPA EntityManagerFactory for persistence unit 'default'
2022-12-06 11:56:06.280  INFO 91841 --- [main] sqltask.Main                             : Started Main in 1.44 seconds (JVM running for 1.961)
2022-12-06 11:56:07.512  INFO 91841 --- [SpringApplicationShutdownHook] j.LocalContainerEntityManagerFactoryBean : Closing JPA EntityManagerFactory for persistence unit 'default'
2022-12-06 11:56:07.527  INFO 91841 --- [SpringApplicationShutdownHook] com.zaxxer.hikari.HikariDataSource       : HikariPool-1 - Shutdown initiated...
2022-12-06 11:56:07.531  INFO 91841 --- [SpringApplicationShutdownHook] com.zaxxer.hikari.HikariDataSource       : HikariPool-1 - Shutdown completed.
2022-12-06 11:56:11.232  INFO 91862 --- [main] sqltask.Main                             : Starting Main using Java 17.0.2 on MacBook-Pro-xntn.local with PID 91862 (/Users/xanthine/IdeaProjects/SqlSchool/target/classes started by xanthine in /Users/xanthine/IdeaProjects/SqlSchool)
2022-12-06 11:56:11.235  INFO 91862 --- [main] sqltask.Main                             : No active profile set, falling back to 1 default profile: "default"
2022-12-06 11:56:11.682  INFO 91862 --- [main] .s.d.r.c.RepositoryConfigurationDelegate : Bootstrapping Spring Data JPA repositories in DEFAULT mode.
2022-12-06 11:56:11.699  INFO 91862 --- [main] .s.d.r.c.RepositoryConfigurationDelegate : Finished Spring Data repository scanning in 8 ms. Found 0 JPA repository interfaces.
2022-12-06 11:56:11.938  INFO 91862 --- [main] com.zaxxer.hikari.HikariDataSource       : HikariPool-1 - Starting...
2022-12-06 11:56:12.039  INFO 91862 --- [main] com.zaxxer.hikari.HikariDataSource       : HikariPool-1 - Start completed.
2022-12-06 11:56:12.163  INFO 91862 --- [main] o.hibernate.jpa.internal.util.LogHelper  : HHH000204: Processing PersistenceUnitInfo [name: default]
2022-12-06 11:56:12.190  INFO 91862 --- [main] org.hibernate.Version                    : HHH000412: Hibernate ORM core version 5.6.12.Final
2022-12-06 11:56:12.277  INFO 91862 --- [main] o.hibernate.annotations.common.Version   : HCANN000001: Hibernate Commons Annotations {5.1.2.Final}
2022-12-06 11:56:12.349  INFO 91862 --- [main] org.hibernate.dialect.Dialect            : HHH000400: Using dialect: org.hibernate.dialect.PostgreSQL10Dialect
2022-12-06 11:56:12.445  INFO 91862 --- [main] o.h.e.t.j.p.i.JtaPlatformInitiator       : HHH000490: Using JtaPlatform implementation: [org.hibernate.engine.transaction.jta.platform.internal.NoJtaPlatform]
2022-12-06 11:56:12.453  INFO 91862 --- [main] j.LocalContainerEntityManagerFactoryBean : Initialized JPA EntityManagerFactory for persistence unit 'default'
2022-12-06 11:56:12.591  INFO 91862 --- [main] sqltask.Main                             : Started Main in 1.612 seconds (JVM running for 2.078)
2022-12-06 11:56:13.940  INFO 91862 --- [SpringApplicationShutdownHook] j.LocalContainerEntityManagerFactoryBean : Closing JPA EntityManagerFactory for persistence unit 'default'
2022-12-06 11:56:13.944  INFO 91862 --- [SpringApplicationShutdownHook] com.zaxxer.hikari.HikariDataSource       : HikariPool-1 - Shutdown initiated...
2022-12-06 11:56:13.954  INFO 91862 --- [SpringApplicationShutdownHook] com.zaxxer.hikari.HikariDataSource       : HikariPool-1 - Shutdown completed.
2022-12-06 11:56:17.596  INFO 91885 --- [main] sqltask.Main                             : Starting Main using Java 17.0.2 on MacBook-Pro-xntn.local with PID 91885 (/Users/xanthine/IdeaProjects/SqlSchool/target/classes started by xanthine in /Users/xanthine/IdeaProjects/SqlSchool)
2022-12-06 11:56:17.599  INFO 91885 --- [main] sqltask.Main                             : No active profile set, falling back to 1 default profile: "default"
2022-12-06 11:56:17.998  INFO 91885 --- [main] .s.d.r.c.RepositoryConfigurationDelegate : Bootstrapping Spring Data JPA repositories in DEFAULT mode.
2022-12-06 11:56:18.009  INFO 91885 --- [main] .s.d.r.c.RepositoryConfigurationDelegate : Finished Spring Data repository scanning in 6 ms. Found 0 JPA repository interfaces.
2022-12-06 11:56:18.197  INFO 91885 --- [main] com.zaxxer.hikari.HikariDataSource       : HikariPool-1 - Starting...
2022-12-06 11:56:18.294  INFO 91885 --- [main] com.zaxxer.hikari.HikariDataSource       : HikariPool-1 - Start completed.
2022-12-06 11:56:18.427  INFO 91885 --- [main] o.hibernate.jpa.internal.util.LogHelper  : HHH000204: Processing PersistenceUnitInfo [name: default]
2022-12-06 11:56:18.451  INFO 91885 --- [main] org.hibernate.Version                    : HHH000412: Hibernate ORM core version 5.6.12.Final
2022-12-06 11:56:18.548  INFO 91885 --- [main] o.hibernate.annotations.common.Version   : HCANN000001: Hibernate Commons Annotations {5.1.2.Final}
2022-12-06 11:56:18.617  INFO 91885 --- [main] org.hibernate.dialect.Dialect            : HHH000400: Using dialect: org.hibernate.dialect.PostgreSQL10Dialect
2022-12-06 11:56:18.706  INFO 91885 --- [main] o.h.e.t.j.p.i.JtaPlatformInitiator       : HHH000490: Using JtaPlatform implementation: [org.hibernate.engine.transaction.jta.platform.internal.NoJtaPlatform]
2022-12-06 11:56:18.715  INFO 91885 --- [main] j.LocalContainerEntityManagerFactoryBean : Initialized JPA EntityManagerFactory for persistence unit 'default'
2022-12-06 11:56:18.902  INFO 91885 --- [main] sqltask.Main                             : Started Main in 1.658 seconds (JVM running for 2.071)
2022-12-06 11:56:20.152  INFO 91885 --- [SpringApplicationShutdownHook] j.LocalContainerEntityManagerFactoryBean : Closing JPA EntityManagerFactory for persistence unit 'default'
2022-12-06 11:56:20.156  INFO 91885 --- [SpringApplicationShutdownHook] com.zaxxer.hikari.HikariDataSource       : HikariPool-1 - Shutdown initiated...
2022-12-06 11:56:20.172  INFO 91885 --- [SpringApplicationShutdownHook] com.zaxxer.hikari.HikariDataSource       : HikariPool-1 - Shutdown completed.
2022-12-06 11:56:23.555  INFO 91906 --- [main] sqltask.Main                             : Starting Main using Java 17.0.2 on MacBook-Pro-xntn.local with PID 91906 (/Users/xanthine/IdeaProjects/SqlSchool/target/classes started by xanthine in /Users/xanthine/IdeaProjects/SqlSchool)
2022-12-06 11:56:23.557  INFO 91906 --- [main] sqltask.Main                             : No active profile set, falling back to 1 default profile: "default"
2022-12-06 11:56:23.910  INFO 91906 --- [main] .s.d.r.c.RepositoryConfigurationDelegate : Bootstrapping Spring Data JPA repositories in DEFAULT mode.
2022-12-06 11:56:23.925  INFO 91906 --- [main] .s.d.r.c.RepositoryConfigurationDelegate : Finished Spring Data repository scanning in 7 ms. Found 0 JPA repository interfaces.
2022-12-06 11:56:24.181  INFO 91906 --- [main] com.zaxxer.hikari.HikariDataSource       : HikariPool-1 - Starting...
2022-12-06 11:56:24.276  INFO 91906 --- [main] com.zaxxer.hikari.HikariDataSource       : HikariPool-1 - Start completed.
2022-12-06 11:56:24.369  INFO 91906 --- [main] o.hibernate.jpa.internal.util.LogHelper  : HHH000204: Processing PersistenceUnitInfo [name: default]
2022-12-06 11:56:24.398  INFO 91906 --- [main] org.hibernate.Version                    : HHH000412: Hibernate ORM core version 5.6.12.Final
2022-12-06 11:56:24.536  INFO 91906 --- [main] o.hibernate.annotations.common.Version   : HCANN000001: Hibernate Commons Annotations {5.1.2.Final}
2022-12-06 11:56:24.632  INFO 91906 --- [main] org.hibernate.dialect.Dialect            : HHH000400: Using dialect: org.hibernate.dialect.PostgreSQL10Dialect
2022-12-06 11:56:24.759  INFO 91906 --- [main] o.h.e.t.j.p.i.JtaPlatformInitiator       : HHH000490: Using JtaPlatform implementation: [org.hibernate.engine.transaction.jta.platform.internal.NoJtaPlatform]
2022-12-06 11:56:24.770  INFO 91906 --- [main] j.LocalContainerEntityManagerFactoryBean : Initialized JPA EntityManagerFactory for persistence unit 'default'
2022-12-06 11:56:24.962  INFO 91906 --- [main] sqltask.Main                             : Started Main in 1.638 seconds (JVM running for 2.029)
2022-12-06 11:56:26.023  INFO 91906 --- [SpringApplicationShutdownHook] j.LocalContainerEntityManagerFactoryBean : Closing JPA EntityManagerFactory for persistence unit 'default'
2022-12-06 11:56:26.027  INFO 91906 --- [SpringApplicationShutdownHook] com.zaxxer.hikari.HikariDataSource       : HikariPool-1 - Shutdown initiated...
2022-12-06 11:56:26.038  INFO 91906 --- [SpringApplicationShutdownHook] com.zaxxer.hikari.HikariDataSource       : HikariPool-1 - Shutdown completed.
2022-12-06 11:56:29.592  INFO 91931 --- [main] sqltask.Main                             : Starting Main using Java 17.0.2 on MacBook-Pro-xntn.local with PID 91931 (/Users/xanthine/IdeaProjects/SqlSchool/target/classes started by xanthine in /Users/xanthine/IdeaProjects/SqlSchool)
2022-12-06 11:56:29.594  INFO 91931 --- [main] sqltask.Main                             : No active profile set, falling back to 1 default profile: "default"
2022-12-06 11:56:29.949  INFO 91931 --- [main] .s.d.r.c.RepositoryConfigurationDelegate : Bootstrapping Spring Data JPA repositories in DEFAULT mode.
2022-12-06 11:56:29.960  INFO 91931 --- [main] .s.d.r.c.RepositoryConfigurationDelegate : Finished Spring Data repository scanning in 6 ms. Found 0 JPA repository interfaces.
2022-12-06 11:56:30.144  INFO 91931 --- [main] com.zaxxer.hikari.HikariDataSource       : HikariPool-1 - Starting...
2022-12-06 11:56:30.269  INFO 91931 --- [main] com.zaxxer.hikari.HikariDataSource       : HikariPool-1 - Start completed.
2022-12-06 11:56:30.374  INFO 91931 --- [main] o.hibernate.jpa.internal.util.LogHelper  : HHH000204: Processing PersistenceUnitInfo [name: default]
2022-12-06 11:56:30.399  INFO 91931 --- [main] org.hibernate.Version                    : HHH000412: Hibernate ORM core version 5.6.12.Final
2022-12-06 11:56:30.490  INFO 91931 --- [main] o.hibernate.annotations.common.Version   : HCANN000001: Hibernate Commons Annotations {5.1.2.Final}
2022-12-06 11:56:30.587  INFO 91931 --- [main] org.hibernate.dialect.Dialect            : HHH000400: Using dialect: org.hibernate.dialect.PostgreSQL10Dialect
2022-12-06 11:56:30.745  INFO 91931 --- [main] o.h.e.t.j.p.i.JtaPlatformInitiator       : HHH000490: Using JtaPlatform implementation: [org.hibernate.engine.transaction.jta.platform.internal.NoJtaPlatform]
2022-12-06 11:56:30.752  INFO 91931 --- [main] j.LocalContainerEntityManagerFactoryBean : Initialized JPA EntityManagerFactory for persistence unit 'default'
2022-12-06 11:56:30.906  INFO 91931 --- [main] sqltask.Main                             : Started Main in 1.545 seconds (JVM running for 1.917)
2022-12-06 11:56:32.216  INFO 91931 --- [SpringApplicationShutdownHook] j.LocalContainerEntityManagerFactoryBean : Closing JPA EntityManagerFactory for persistence unit 'default'
2022-12-06 11:56:32.222  INFO 91931 --- [SpringApplicationShutdownHook] com.zaxxer.hikari.HikariDataSource       : HikariPool-1 - Shutdown initiated...
2022-12-06 11:56:32.233  INFO 91931 --- [SpringApplicationShutdownHook] com.zaxxer.hikari.HikariDataSource       : HikariPool-1 - Shutdown completed.
2022-12-06 11:56:35.671  INFO 91953 --- [main] sqltask.Main                             : Starting Main using Java 17.0.2 on MacBook-Pro-xntn.local with PID 91953 (/Users/xanthine/IdeaProjects/SqlSchool/target/classes started by xanthine in /Users/xanthine/IdeaProjects/SqlSchool)
2022-12-06 11:56:35.673  INFO 91953 --- [main] sqltask.Main                             : No active profile set, falling back to 1 default profile: "default"
2022-12-06 11:56:35.999  INFO 91953 --- [main] .s.d.r.c.RepositoryConfigurationDelegate : Bootstrapping Spring Data JPA repositories in DEFAULT mode.
2022-12-06 11:56:36.013  INFO 91953 --- [main] .s.d.r.c.RepositoryConfigurationDelegate : Finished Spring Data repository scanning in 7 ms. Found 0 JPA repository interfaces.
2022-12-06 11:56:36.294  INFO 91953 --- [main] com.zaxxer.hikari.HikariDataSource       : HikariPool-1 - Starting...
2022-12-06 11:56:36.417  INFO 91953 --- [main] com.zaxxer.hikari.HikariDataSource       : HikariPool-1 - Start completed.
2022-12-06 11:56:36.543  INFO 91953 --- [main] o.hibernate.jpa.internal.util.LogHelper  : HHH000204: Processing PersistenceUnitInfo [name: default]
2022-12-06 11:56:36.582  INFO 91953 --- [main] org.hibernate.Version                    : HHH000412: Hibernate ORM core version 5.6.12.Final
2022-12-06 11:56:36.673  INFO 91953 --- [main] o.hibernate.annotations.common.Version   : HCANN000001: Hibernate Commons Annotations {5.1.2.Final}
2022-12-06 11:56:36.747  INFO 91953 --- [main] org.hibernate.dialect.Dialect            : HHH000400: Using dialect: org.hibernate.dialect.PostgreSQL10Dialect
2022-12-06 11:56:36.846  INFO 91953 --- [main] o.h.e.t.j.p.i.JtaPlatformInitiator       : HHH000490: Using JtaPlatform implementation: [org.hibernate.engine.transaction.jta.platform.internal.NoJtaPlatform]
2022-12-06 11:56:36.854  INFO 91953 --- [main] j.LocalContainerEntityManagerFactoryBean : Initialized JPA EntityManagerFactory for persistence unit 'default'
2022-12-06 11:56:37.025  INFO 91953 --- [main] sqltask.Main                             : Started Main in 1.584 seconds (JVM running for 1.978)
2022-12-06 11:56:38.790  INFO 91953 --- [SpringApplicationShutdownHook] j.LocalContainerEntityManagerFactoryBean : Closing JPA EntityManagerFactory for persistence unit 'default'
2022-12-06 11:56:38.794  INFO 91953 --- [SpringApplicationShutdownHook] com.zaxxer.hikari.HikariDataSource       : HikariPool-1 - Shutdown initiated...
2022-12-06 11:56:38.800  INFO 91953 --- [SpringApplicationShutdownHook] com.zaxxer.hikari.HikariDataSource       : HikariPool-1 - Shutdown completed.
2022-12-06 11:56:42.156  INFO 91975 --- [main] sqltask.Main                             : Starting Main using Java 17.0.2 on MacBook-Pro-xntn.local with PID 91975 (/Users/xanthine/IdeaProjects/SqlSchool/target/classes started by xanthine in /Users/xanthine/IdeaProjects/SqlSchool)
2022-12-06 11:56:42.158  INFO 91975 --- [main] sqltask.Main                             : No active profile set, falling back to 1 default profile: "default"
2022-12-06 11:56:42.484  INFO 91975 --- [main] .s.d.r.c.RepositoryConfigurationDelegate : Bootstrapping Spring Data JPA repositories in DEFAULT mode.
2022-12-06 11:56:42.498  INFO 91975 --- [main] .s.d.r.c.RepositoryConfigurationDelegate : Finished Spring Data repository scanning in 7 ms. Found 0 JPA repository interfaces.
2022-12-06 11:56:42.740  INFO 91975 --- [main] com.zaxxer.hikari.HikariDataSource       : HikariPool-1 - Starting...
2022-12-06 11:56:42.835  INFO 91975 --- [main] com.zaxxer.hikari.HikariDataSource       : HikariPool-1 - Start completed.
2022-12-06 11:56:43.016  INFO 91975 --- [main] o.hibernate.jpa.internal.util.LogHelper  : HHH000204: Processing PersistenceUnitInfo [name: default]
2022-12-06 11:56:43.042  INFO 91975 --- [main] org.hibernate.Version                    : HHH000412: Hibernate ORM core version 5.6.12.Final
2022-12-06 11:56:43.142  INFO 91975 --- [main] o.hibernate.annotations.common.Version   : HCANN000001: Hibernate Commons Annotations {5.1.2.Final}
2022-12-06 11:56:43.253  INFO 91975 --- [main] org.hibernate.dialect.Dialect            : HHH000400: Using dialect: org.hibernate.dialect.PostgreSQL10Dialect
2022-12-06 11:56:43.376  INFO 91975 --- [main] o.h.e.t.j.p.i.JtaPlatformInitiator       : HHH000490: Using JtaPlatform implementation: [org.hibernate.engine.transaction.jta.platform.internal.NoJtaPlatform]
2022-12-06 11:56:43.387  INFO 91975 --- [main] j.LocalContainerEntityManagerFactoryBean : Initialized JPA EntityManagerFactory for persistence unit 'default'
2022-12-06 11:56:43.592  INFO 91975 --- [main] sqltask.Main                             : Started Main in 1.669 seconds (JVM running for 2.061)
2022-12-06 11:56:45.632  INFO 91975 --- [SpringApplicationShutdownHook] j.LocalContainerEntityManagerFactoryBean : Closing JPA EntityManagerFactory for persistence unit 'default'
2022-12-06 11:56:45.638  INFO 91975 --- [SpringApplicationShutdownHook] com.zaxxer.hikari.HikariDataSource       : HikariPool-1 - Shutdown initiated...
2022-12-06 11:56:45.644  INFO 91975 --- [SpringApplicationShutdownHook] com.zaxxer.hikari.HikariDataSource       : HikariPool-1 - Shutdown completed.
2022-12-06 11:56:49.467  INFO 92001 --- [main] sqltask.Main                             : Starting Main using Java 17.0.2 on MacBook-Pro-xntn.local with PID 92001 (/Users/xanthine/IdeaProjects/SqlSchool/target/classes started by xanthine in /Users/xanthine/IdeaProjects/SqlSchool)
2022-12-06 11:56:49.469  INFO 92001 --- [main] sqltask.Main                             : No active profile set, falling back to 1 default profile: "default"
2022-12-06 11:56:49.792  INFO 92001 --- [main] .s.d.r.c.RepositoryConfigurationDelegate : Bootstrapping Spring Data JPA repositories in DEFAULT mode.
2022-12-06 11:56:49.808  INFO 92001 --- [main] .s.d.r.c.RepositoryConfigurationDelegate : Finished Spring Data repository scanning in 9 ms. Found 0 JPA repository interfaces.
2022-12-06 11:56:50.007  INFO 92001 --- [main] com.zaxxer.hikari.HikariDataSource       : HikariPool-1 - Starting...
2022-12-06 11:56:50.102  INFO 92001 --- [main] com.zaxxer.hikari.HikariDataSource       : HikariPool-1 - Start completed.
2022-12-06 11:56:50.212  INFO 92001 --- [main] o.hibernate.jpa.internal.util.LogHelper  : HHH000204: Processing PersistenceUnitInfo [name: default]
2022-12-06 11:56:50.242  INFO 92001 --- [main] org.hibernate.Version                    : HHH000412: Hibernate ORM core version 5.6.12.Final
2022-12-06 11:56:50.311  INFO 92001 --- [main] o.hibernate.annotations.common.Version   : HCANN000001: Hibernate Commons Annotations {5.1.2.Final}
2022-12-06 11:56:50.365  INFO 92001 --- [main] org.hibernate.dialect.Dialect            : HHH000400: Using dialect: org.hibernate.dialect.PostgreSQL10Dialect
2022-12-06 11:56:50.438  INFO 92001 --- [main] o.h.e.t.j.p.i.JtaPlatformInitiator       : HHH000490: Using JtaPlatform implementation: [org.hibernate.engine.transaction.jta.platform.internal.NoJtaPlatform]
2022-12-06 11:56:50.445  INFO 92001 --- [main] j.LocalContainerEntityManagerFactoryBean : Initialized JPA EntityManagerFactory for persistence unit 'default'
2022-12-06 11:56:50.603  INFO 92001 --- [main] sqltask.Main                             : Started Main in 1.352 seconds (JVM running for 1.746)
2022-12-06 11:56:52.794  INFO 92001 --- [SpringApplicationShutdownHook] j.LocalContainerEntityManagerFactoryBean : Closing JPA EntityManagerFactory for persistence unit 'default'
2022-12-06 11:56:52.799  INFO 92001 --- [SpringApplicationShutdownHook] com.zaxxer.hikari.HikariDataSource       : HikariPool-1 - Shutdown initiated...
2022-12-06 11:56:52.805  INFO 92001 --- [SpringApplicationShutdownHook] com.zaxxer.hikari.HikariDataSource       : HikariPool-1 - Shutdown completed.
2022-12-06 11:56:55.968  INFO 92023 --- [main] sqltask.Main                             : Starting Main using Java 17.0.2 on MacBook-Pro-xntn.local with PID 92023 (/Users/xanthine/IdeaProjects/SqlSchool/target/classes started by xanthine in /Users/xanthine/IdeaProjects/SqlSchool)
2022-12-06 11:56:55.969  INFO 92023 --- [main] sqltask.Main                             : No active profile set, falling back to 1 default profile: "default"
2022-12-06 11:56:56.282  INFO 92023 --- [main] .s.d.r.c.RepositoryConfigurationDelegate : Bootstrapping Spring Data JPA repositories in DEFAULT mode.
2022-12-06 11:56:56.292  INFO 92023 --- [main] .s.d.r.c.RepositoryConfigurationDelegate : Finished Spring Data repository scanning in 5 ms. Found 0 JPA repository interfaces.
2022-12-06 11:56:56.536  INFO 92023 --- [main] com.zaxxer.hikari.HikariDataSource       : HikariPool-1 - Starting...
2022-12-06 11:56:56.635  INFO 92023 --- [main] com.zaxxer.hikari.HikariDataSource       : HikariPool-1 - Start completed.
2022-12-06 11:56:56.769  INFO 92023 --- [main] o.hibernate.jpa.internal.util.LogHelper  : HHH000204: Processing PersistenceUnitInfo [name: default]
2022-12-06 11:56:56.805  INFO 92023 --- [main] org.hibernate.Version                    : HHH000412: Hibernate ORM core version 5.6.12.Final
2022-12-06 11:56:56.896  INFO 92023 --- [main] o.hibernate.annotations.common.Version   : HCANN000001: Hibernate Commons Annotations {5.1.2.Final}
2022-12-06 11:56:56.967  INFO 92023 --- [main] org.hibernate.dialect.Dialect            : HHH000400: Using dialect: org.hibernate.dialect.PostgreSQL10Dialect
2022-12-06 11:56:57.070  INFO 92023 --- [main] o.h.e.t.j.p.i.JtaPlatformInitiator       : HHH000490: Using JtaPlatform implementation: [org.hibernate.engine.transaction.jta.platform.internal.NoJtaPlatform]
2022-12-06 11:56:57.078  INFO 92023 --- [main] j.LocalContainerEntityManagerFactoryBean : Initialized JPA EntityManagerFactory for persistence unit 'default'
2022-12-06 11:56:57.220  INFO 92023 --- [main] sqltask.Main                             : Started Main in 1.469 seconds (JVM running for 1.861)
2022-12-06 11:56:58.993  INFO 92023 --- [SpringApplicationShutdownHook] j.LocalContainerEntityManagerFactoryBean : Closing JPA EntityManagerFactory for persistence unit 'default'
2022-12-06 11:56:58.996  INFO 92023 --- [SpringApplicationShutdownHook] com.zaxxer.hikari.HikariDataSource       : HikariPool-1 - Shutdown initiated...
2022-12-06 11:56:59.001  INFO 92023 --- [SpringApplicationShutdownHook] com.zaxxer.hikari.HikariDataSource       : HikariPool-1 - Shutdown completed.
2022-12-06 13:33:40.252  INFO 95164 --- [main] s.Main                                   : Starting Main using Java 17.0.2 on MacBook-Pro-xntn.local with PID 95164 (/Users/xanthine/IdeaProjects/SqlSchool/target/classes started by xanthine in /Users/xanthine/IdeaProjects/SqlSchool)
2022-12-06 13:33:40.254  INFO 95164 --- [main] s.Main                                   : No active profile set, falling back to 1 default profile: "default"
2022-12-06 13:33:40.751  INFO 95164 --- [main] .s.d.r.c.RepositoryConfigurationDelegate : Bootstrapping Spring Data JPA repositories in DEFAULT mode.
2022-12-06 13:33:40.768  INFO 95164 --- [main] .s.d.r.c.RepositoryConfigurationDelegate : Finished Spring Data repository scanning in 7 ms. Found 0 JPA repository interfaces.
2022-12-06 13:33:41.095  INFO 95164 --- [main] c.z.h.HikariDataSource                   : HikariPool-1 - Starting...
2022-12-06 13:33:41.327  INFO 95164 --- [main] c.z.h.HikariDataSource                   : HikariPool-1 - Start completed.
2022-12-06 13:33:41.550  INFO 95164 --- [main] o.h.j.i.u.LogHelper                      : HHH000204: Processing PersistenceUnitInfo [name: default]
2022-12-06 13:33:41.597  INFO 95164 --- [main] o.h.Version                              : HHH000412: Hibernate ORM core version 5.6.12.Final
2022-12-06 13:33:41.771  INFO 95164 --- [main] o.h.a.c.Version                          : HCANN000001: Hibernate Commons Annotations {5.1.2.Final}
2022-12-06 13:33:41.882  INFO 95164 --- [main] o.h.d.Dialect                            : HHH000400: Using dialect: org.hibernate.dialect.PostgreSQL10Dialect
2022-12-06 13:33:42.029  INFO 95164 --- [main] o.h.e.t.j.p.i.JtaPlatformInitiator       : HHH000490: Using JtaPlatform implementation: [org.hibernate.engine.transaction.jta.platform.internal.NoJtaPlatform]
2022-12-06 13:33:42.039  INFO 95164 --- [main] j.LocalContainerEntityManagerFactoryBean : Initialized JPA EntityManagerFactory for persistence unit 'default'
2022-12-06 13:33:42.223  INFO 95164 --- [main] s.Main                                   : Started Main in 2.365 seconds (JVM running for 3.18)
2022-12-06 13:33:58.826  INFO 95164 --- [SpringApplicationShutdownHook] j.LocalContainerEntityManagerFactoryBean : Closing JPA EntityManagerFactory for persistence unit 'default'
2022-12-06 13:33:58.840  INFO 95164 --- [SpringApplicationShutdownHook] c.z.h.HikariDataSource                   : HikariPool-1 - Shutdown initiated...
2022-12-06 13:33:58.846  INFO 95164 --- [SpringApplicationShutdownHook] c.z.h.HikariDataSource                   : HikariPool-1 - Shutdown completed.
